Using pre-set license
Built from '2021.1/staging' branch; Version is '2021.1.15f1 (e767a7370072) revision 15165351'; Using compiler version '192528614'; Build Type 'Release'
OS: 'Windows 10 Home Single Language; OS build 19041.1110; Version 2004; 64bit' Language: 'en' Physical Memory: 8033 MB
BatchMode: 1, IsHumanControllingUs: 0, StartBugReporterOnCrash: 0, Is64bit: 1, IsPro: 0

 COMMAND LINE ARGUMENTS:
C:\Program Files\Unity\Hub\Editor\2021.1.15f1\Editor\Unity.exe
-adb2
-batchMode
-noUpm
-name
AssetImportWorker0
-projectPath
C:/Unity Projects/new multiplayer api
-logFile
Logs/AssetImportWorker0.log
-srvPort
53103
Successfully changed project path to: C:/Unity Projects/new multiplayer api
C:/Unity Projects/new multiplayer api
Using Asset Import Pipeline V2.
Refreshing native plugins compatible for Editor in 138.49 ms, found 3 plugins.
Preloading 0 native plugins for Editor in 0.00 ms.
Initialize engine version: 2021.1.15f1 (e767a7370072)
[Subsystems] Discovering subsystems at path C:/Program Files/Unity/Hub/Editor/2021.1.15f1/Editor/Data/Resources/UnitySubsystems
[Subsystems] Discovering subsystems at path C:/Unity Projects/new multiplayer api/Assets
GfxDevice: creating device client; threaded=0; jobified=0
Direct3D:
    Version:  Direct3D 11.0 [level 11.1]
    Renderer: NVIDIA GeForce GTX 1050 (ID=0x1c8d)
    Vendor:   NVIDIA
    VRAM:     4019 MB
    Driver:   30.0.14.7141
Initialize mono
Mono path[0] = 'C:/Program Files/Unity/Hub/Editor/2021.1.15f1/Editor/Data/Managed'
Mono path[1] = 'C:/Program Files/Unity/Hub/Editor/2021.1.15f1/Editor/Data/MonoBleedingEdge/lib/mono/unityjit'
Mono config path = 'C:/Program Files/Unity/Hub/Editor/2021.1.15f1/Editor/Data/MonoBleedingEdge/etc'
Using monoOptions --debugger-agent=transport=dt_socket,embedding=1,server=y,suspend=n,address=127.0.0.1:56408
Begin MonoManager ReloadAssembly
Registering precompiled unity dll's ...
Register platform support module: C:/Program Files/Unity/Hub/Editor/2021.1.15f1/Editor/Data/PlaybackEngines/WebGLSupport/UnityEditor.WebGL.Extensions.dll
Register platform support module: C:/Program Files/Unity/Hub/Editor/2021.1.15f1/Editor/Data/PlaybackEngines/WindowsStandaloneSupport/UnityEditor.WindowsStandalone.Extensions.dll
Register platform support module: C:/Program Files/Unity/Hub/Editor/2021.1.15f1/Editor/Data/PlaybackEngines/LinuxStandaloneSupport/UnityEditor.LinuxStandalone.Extensions.dll
Registered in 0.004177 seconds.
Native extension for LinuxStandalone target not found
Native extension for WindowsStandalone target not found
Native extension for WebGL target not found
Refreshing native plugins compatible for Editor in 99.78 ms, found 3 plugins.
Preloading 0 native plugins for Editor in 0.00 ms.
Mono: successfully reloaded assembly
- Completed reload, in  2.183 seconds
Domain Reload Profiling:
	ReloadAssembly (2183ms)
		BeginReloadAssembly (65ms)
			ExecutionOrderSort (0ms)
			DisableScriptedObjects (0ms)
			BackupInstance (0ms)
			ReleaseScriptingObjects (0ms)
			CreateAndSetChildDomain (1ms)
		EndReloadAssembly (486ms)
			LoadAssemblies (62ms)
			RebuildTransferFunctionScriptingTraits (0ms)
			SetupTypeCache (170ms)
			ReleaseScriptCaches (0ms)
			RebuildScriptCaches (33ms)
			SetupLoadedEditorAssemblies (234ms)
				LogAssemblyErrors (0ms)
				InitializePlatformSupportModulesInManaged (9ms)
				SetLoadedEditorAssemblies (0ms)
				RefreshPlugins (100ms)
				BeforeProcessingInitializeOnLoad (1ms)
				ProcessInitializeOnLoadAttributes (95ms)
				ProcessInitializeOnLoadMethodAttributes (29ms)
				AfterProcessingInitializeOnLoad (0ms)
				EditorAssembliesLoaded (0ms)
			ExecutionOrderSort2 (0ms)
			AwakeInstancesAfterBackupRestoration (0ms)
Platform modules already initialized, skipping
Registering precompiled user dll's ...
Registered in 0.011653 seconds.
Begin MonoManager ReloadAssembly
Symbol file LoadedFromMemory doesn't match image C:\Unity Projects\new multiplayer api\Library\PackageCache\com.unity.visualscripting@1.6.1\Editor\VisualScripting.Core\Dependencies\YamlDotNet\Unity.VisualScripting.YamlDotNet.dll
Symbol file LoadedFromMemory doesn't match image C:\Unity Projects\new multiplayer api\Library\PackageCache\com.unity.visualscripting@1.6.1\Editor\VisualScripting.Core\Dependencies\DotNetZip\Unity.VisualScripting.IonicZip.dll
Native extension for LinuxStandalone target not found
Native extension for WindowsStandalone target not found
Native extension for WebGL target not found
Refreshing native plugins compatible for Editor in 104.84 ms, found 3 plugins.
Preloading 0 native plugins for Editor in 0.00 ms.
Mono: successfully reloaded assembly
- Completed reload, in  1.592 seconds
Domain Reload Profiling:
	ReloadAssembly (1592ms)
		BeginReloadAssembly (243ms)
			ExecutionOrderSort (0ms)
			DisableScriptedObjects (6ms)
			BackupInstance (0ms)
			ReleaseScriptingObjects (0ms)
			CreateAndSetChildDomain (33ms)
		EndReloadAssembly (1242ms)
			LoadAssemblies (211ms)
			RebuildTransferFunctionScriptingTraits (0ms)
			SetupTypeCache (405ms)
			ReleaseScriptCaches (1ms)
			RebuildScriptCaches (58ms)
			SetupLoadedEditorAssemblies (474ms)
				LogAssemblyErrors (0ms)
				InitializePlatformSupportModulesInManaged (7ms)
				SetLoadedEditorAssemblies (0ms)
				RefreshPlugins (105ms)
				BeforeProcessingInitializeOnLoad (99ms)
				ProcessInitializeOnLoadAttributes (247ms)
				ProcessInitializeOnLoadMethodAttributes (4ms)
				AfterProcessingInitializeOnLoad (11ms)
				EditorAssembliesLoaded (0ms)
			ExecutionOrderSort2 (0ms)
			AwakeInstancesAfterBackupRestoration (6ms)
Platform modules already initialized, skipping
========================================================================
Worker process is ready to serve import requests
Launched and connected shader compiler UnityShaderCompiler.exe after 0.05 seconds
Refreshing native plugins compatible for Editor in 0.79 ms, found 3 plugins.
Preloading 0 native plugins for Editor in 0.00 ms.
Unloading 4383 Unused Serialized files (Serialized files now loaded: 0)
System memory in use before: 169.7 MB.
System memory in use after: 166.9 MB.

Unloading 62 unused Assets to reduce memory usage. Loaded Objects now: 4792.
Total: 3.760900 ms (FindLiveObjects: 0.322200 ms CreateObjectMapping: 0.209100 ms MarkObjects: 2.176300 ms  DeleteObjects: 1.052100 ms)

AssetImportParameters requested are different than current active one (requested -> active):
  custom:framework-win-MediaFoundation: 216162199b28c13a410421893ffa2e32 -> 
  custom:video-decoder-ogg-theora: a1e56fd34408186e4bbccfd4996cb3dc -> 
  custom:container-muxer-webm: aa71ff27fc2769a1b78a27578f13a17b -> 
  custom:container-demuxer-webm: 4f35f7cbe854078d1ac9338744f61a02 -> 
  custom:container-demuxer-ogg: 62fdf1f143b41e24485cea50d1cbac27 -> 
  custom:video-encoder-webm-vp8: eb34c28f22e8b96e1ab97ce403110664 -> 
  custom:video-codec-MediaFoundation-h265: 746d11721c4dcdbdad8f713fa42b33f4 -> 
  custom:video-decoder-webm-vp8: 9c59270c3fd7afecdb556c50c9e8de78 -> 
  custom:audio-decoder-ogg-vorbis: bf7c407c2cedff20999df2af8eb42d56 -> 
  custom:audio-encoder-webm-vorbis: bf7c407c2cedff20999df2af8eb42d56 -> 
========================================================================
Received Import Request.
  path: Assets/ak47.fbx
  artifactKey: Guid(8cc71ea4dd6a78247acaeb84426e8ad2) Importer(815301076,1909f56bfc062723c751e8b465ee728b)
Start importing Assets/ak47.fbx using Guid(8cc71ea4dd6a78247acaeb84426e8ad2) Importer(815301076,1909f56bfc062723c751e8b465ee728b)  -> (artifact id: '3f1e6d47b702e3000a181b2a281c2ba1') in 0.485900 seconds 
========================================================================
Received Import Request.
  Time since last request: 1199.437475 seconds.
  path: Assets/ak47.obj
  artifactKey: Guid(4da0a4bfac2c1654e8a79d7e0f20df8f) Importer(815301076,1909f56bfc062723c751e8b465ee728b)
Start importing Assets/ak47.obj using Guid(4da0a4bfac2c1654e8a79d7e0f20df8f) Importer(815301076,1909f56bfc062723c751e8b465ee728b)  -> (artifact id: '17ccd96be372bfe37a282c83e776e4c4') in 0.027532 seconds 
========================================================================
Received Import Request.
  Time since last request: 122.668409 seconds.
  path: Assets/Ak47 texture.png
  artifactKey: Guid(5f5999ee142d34943bf8b23fa7571262) Importer(815301076,1909f56bfc062723c751e8b465ee728b)
Start importing Assets/Ak47 texture.png using Guid(5f5999ee142d34943bf8b23fa7571262) Importer(815301076,1909f56bfc062723c751e8b465ee728b)  -> (artifact id: '294c381fe2a7b606df139f62fe9430e0') in 0.025836 seconds 
========================================================================
Received Import Request.
  Time since last request: 5.756017 seconds.
  path: Assets/Guns
  artifactKey: Guid(c2ab53860efc0a84ea96d7e57aa45095) Importer(815301076,1909f56bfc062723c751e8b465ee728b)
Start importing Assets/Guns using Guid(c2ab53860efc0a84ea96d7e57aa45095) Importer(815301076,1909f56bfc062723c751e8b465ee728b)  -> (artifact id: '14ae9d5542b1c28fd7f51f910783e8e2') in 0.002986 seconds 
========================================================================
Received Import Request.
  Time since last request: 26.989213 seconds.
  path: Assets/Guns/ak47.mat
  artifactKey: Guid(effcb8f79ef7b26498097679a0a3a3c7) Importer(815301076,1909f56bfc062723c751e8b465ee728b)
Start importing Assets/Guns/ak47.mat using Guid(effcb8f79ef7b26498097679a0a3a3c7) Importer(815301076,1909f56bfc062723c751e8b465ee728b)  -> (artifact id: '7314c943d649d87461bf3a112107f927') in 0.020604 seconds 
========================================================================
Received Import Request.
  Time since last request: 82.954564 seconds.
  path: Assets/Guns/Materials
  artifactKey: Guid(0a2732efec8cd9146b0956a53d9de38b) Importer(815301076,1909f56bfc062723c751e8b465ee728b)
Start importing Assets/Guns/Materials using Guid(0a2732efec8cd9146b0956a53d9de38b) Importer(815301076,1909f56bfc062723c751e8b465ee728b)  -> (artifact id: '961713be763c34e2314565d2120965e7') in 0.004244 seconds 
========================================================================
Received Import Request.
  Time since last request: 0.894959 seconds.
  path: Assets/Guns/Materials/Ak47 texture.mat
  artifactKey: Guid(1c60fc6fe4e2d8f4585a03a4ea8784a3) Importer(815301076,1909f56bfc062723c751e8b465ee728b)
Start importing Assets/Guns/Materials/Ak47 texture.mat using Guid(1c60fc6fe4e2d8f4585a03a4ea8784a3) Importer(815301076,1909f56bfc062723c751e8b465ee728b)  -> (artifact id: '18fddb1e8952dc767d5b169b6d66b0ed') in 0.010245 seconds 
========================================================================
Received Import Request.
  Time since last request: 17.149866 seconds.
  path: Assets/Guns/ak with texture.fbx
  artifactKey: Guid(254c97c10f966044282bd39056fd0930) Importer(815301076,1909f56bfc062723c751e8b465ee728b)
Start importing Assets/Guns/ak with texture.fbx using Guid(254c97c10f966044282bd39056fd0930) Importer(815301076,1909f56bfc062723c751e8b465ee728b)  -> (artifact id: '41620d236fe33fdbb7bf2887dce61e29') in 0.020580 seconds 
========================================================================
Received Import Request.
  Time since last request: 63.095003 seconds.
  path: Assets/Guns/ak47.obj
  artifactKey: Guid(4da0a4bfac2c1654e8a79d7e0f20df8f) Importer(815301076,1909f56bfc062723c751e8b465ee728b)
Start importing Assets/Guns/ak47.obj using Guid(4da0a4bfac2c1654e8a79d7e0f20df8f) Importer(815301076,1909f56bfc062723c751e8b465ee728b)  -> (artifact id: '1b2cc633b1718e2606f10255bbbbceca') in 0.021291 seconds 
========================================================================
Received Import Request.
  Time since last request: 79.996958 seconds.
  path: Assets/Guns/ak with texture.blend
  artifactKey: Guid(835ce6ee01e06e048ab2917f01c927c0) Importer(815301076,1909f56bfc062723c751e8b465ee728b)
Start importing Assets/Guns/ak with texture.blend using Guid(835ce6ee01e06e048ab2917f01c927c0) Importer(815301076,1909f56bfc062723c751e8b465ee728b)  -> (artifact id: '150ad317187270fe67f8e6ea07814437') in 0.023782 seconds 
========================================================================
Received Import Request.
  Time since last request: 84.749476 seconds.
  path: Assets/Guns/ak47 1.obj
  artifactKey: Guid(9823d8904b316df429c5852b332577f0) Importer(815301076,1909f56bfc062723c751e8b465ee728b)
Start importing Assets/Guns/ak47 1.obj using Guid(9823d8904b316df429c5852b332577f0) Importer(815301076,1909f56bfc062723c751e8b465ee728b)  -> (artifact id: '14bca02d15a83cdaad80eed33ac1da60') in 0.023475 seconds 
========================================================================
Received Import Request.
  Time since last request: 25.565372 seconds.
  path: Assets/Guns/ak.mat
  artifactKey: Guid(5bf03982b14f6c0459ad996db4a0f699) Importer(815301076,1909f56bfc062723c751e8b465ee728b)
Start importing Assets/Guns/ak.mat using Guid(5bf03982b14f6c0459ad996db4a0f699) Importer(815301076,1909f56bfc062723c751e8b465ee728b)  -> (artifact id: '2fbbc44c23bef77cf57cf8ece2022542') in 0.009415 seconds 
========================================================================
Received Import Request.
  Time since last request: 528.642761 seconds.
  path: Assets/Guns/ak with texture.fbx
  artifactKey: Guid(254c97c10f966044282bd39056fd0930) Importer(815301076,1909f56bfc062723c751e8b465ee728b)
Start importing Assets/Guns/ak with texture.fbx using Guid(254c97c10f966044282bd39056fd0930) Importer(815301076,1909f56bfc062723c751e8b465ee728b)  -> (artifact id: 'b1cf2623dc35247362a3279b6327f34c') in 0.025920 seconds 
========================================================================
Received Import Request.
  Time since last request: 25.587739 seconds.
  path: Assets/Guns/ak with texture.fbx
  artifactKey: Guid(254c97c10f966044282bd39056fd0930) Importer(815301076,1909f56bfc062723c751e8b465ee728b)
Start importing Assets/Guns/ak with texture.fbx using Guid(254c97c10f966044282bd39056fd0930) Importer(815301076,1909f56bfc062723c751e8b465ee728b)  -> (artifact id: 'dd5e81e8d8eff28981e342e7f46bcc1d') in 0.013065 seconds 
========================================================================
Received Import Request.
  Time since last request: 0.000316 seconds.
  path: Assets/Guns/Ak.mat
  artifactKey: Guid(5bf03982b14f6c0459ad996db4a0f699) Importer(815301076,1909f56bfc062723c751e8b465ee728b)
Start importing Assets/Guns/Ak.mat using Guid(5bf03982b14f6c0459ad996db4a0f699) Importer(815301076,1909f56bfc062723c751e8b465ee728b)  -> (artifact id: 'a1578dac25808bd57c7f62e4b0785c8f') in 0.010226 seconds 
========================================================================
Received Import Request.
  Time since last request: 29.157978 seconds.
  path: Assets/Guns/ak with texture.fbx
  artifactKey: Guid(254c97c10f966044282bd39056fd0930) Importer(815301076,1909f56bfc062723c751e8b465ee728b)
Start importing Assets/Guns/ak with texture.fbx using Guid(254c97c10f966044282bd39056fd0930) Importer(815301076,1909f56bfc062723c751e8b465ee728b)  -> (artifact id: '88416bde68688bf403229739479ad1f5') in 0.021759 seconds 
========================================================================
Received Import Request.
  Time since last request: 89.435559 seconds.
  path: Assets/Guns/ak with texture.fbx
  artifactKey: Guid(254c97c10f966044282bd39056fd0930) Importer(815301076,1909f56bfc062723c751e8b465ee728b)
Start importing Assets/Guns/ak with texture.fbx using Guid(254c97c10f966044282bd39056fd0930) Importer(815301076,1909f56bfc062723c751e8b465ee728b)  -> (artifact id: '6699872ceff000f87bf68d6ca1b496b3') in 0.013008 seconds 
========================================================================
Received Import Request.
  Time since last request: 1.407661 seconds.
  path: Assets/Guns/Mats
  artifactKey: Guid(16c97ba1f97c640418f1d81cddad8c7c) Importer(815301076,1909f56bfc062723c751e8b465ee728b)
Start importing Assets/Guns/Mats using Guid(16c97ba1f97c640418f1d81cddad8c7c) Importer(815301076,1909f56bfc062723c751e8b465ee728b)  -> (artifact id: 'b5b9570c79978faa46ab756e3651ad50') in 0.002970 seconds 
========================================================================
Received Import Request.
  Time since last request: 0.034563 seconds.
  path: Assets/Guns/Mats/Ak.mat
  artifactKey: Guid(5e1eed5914e7c354fb0f9ab530ad5d68) Importer(815301076,1909f56bfc062723c751e8b465ee728b)
Start importing Assets/Guns/Mats/Ak.mat using Guid(5e1eed5914e7c354fb0f9ab530ad5d68) Importer(815301076,1909f56bfc062723c751e8b465ee728b)  -> (artifact id: '390c53fa797d26130034a81d7a5843d8') in 0.007855 seconds 
========================================================================
Received Import Request.
  Time since last request: 51.012395 seconds.
  path: Assets/Guns/ak with texture2.fbx
  artifactKey: Guid(38a5ab36893bf14418a425bd0261fa07) Importer(815301076,1909f56bfc062723c751e8b465ee728b)
Start importing Assets/Guns/ak with texture2.fbx using Guid(38a5ab36893bf14418a425bd0261fa07) Importer(815301076,1909f56bfc062723c751e8b465ee728b)  -> (artifact id: 'fc9d20fd86f48718e2c7dcf713497754') in 0.015240 seconds 
========================================================================
Received Import Request.
  Time since last request: 237.623182 seconds.
  path: Assets/Guns/ak with texture.fbx
  artifactKey: Guid(254c97c10f966044282bd39056fd0930) Importer(815301076,1909f56bfc062723c751e8b465ee728b)
Start importing Assets/Guns/ak with texture.fbx using Guid(254c97c10f966044282bd39056fd0930) Importer(815301076,1909f56bfc062723c751e8b465ee728b)  -> (artifact id: '5f0cd7de80c26fc0ee7318b86b144c98') in 0.021084 seconds 
========================================================================
Received Import Request.
  Time since last request: 19.904434 seconds.
  path: Assets/Guns/ak with texture.fbx
  artifactKey: Guid(254c97c10f966044282bd39056fd0930) Importer(815301076,1909f56bfc062723c751e8b465ee728b)
Start importing Assets/Guns/ak with texture.fbx using Guid(254c97c10f966044282bd39056fd0930) Importer(815301076,1909f56bfc062723c751e8b465ee728b)  -> (artifact id: '792bd6179c27a68ecfd65560219590ad') in 0.022396 seconds 
========================================================================
Received Import Request.
  Time since last request: 29.351992 seconds.
  path: Assets/Guns/yess
  artifactKey: Guid(fa0d9c881172cdd48af61a4780bc1fb2) Importer(815301076,1909f56bfc062723c751e8b465ee728b)
Start importing Assets/Guns/yess using Guid(fa0d9c881172cdd48af61a4780bc1fb2) Importer(815301076,1909f56bfc062723c751e8b465ee728b)  -> (artifact id: '5a820f7f7838c4692f5a51bab8ed4132') in 0.003137 seconds 
========================================================================
Received Import Request.
  Time since last request: 0.036011 seconds.
  path: Assets/Guns/yess/Ak47 texture.png
  artifactKey: Guid(0fa32dae093b8f0418fe76856045ac0a) Importer(815301076,1909f56bfc062723c751e8b465ee728b)
Start importing Assets/Guns/yess/Ak47 texture.png using Guid(0fa32dae093b8f0418fe76856045ac0a) Importer(815301076,1909f56bfc062723c751e8b465ee728b)  -> (artifact id: 'e0b874ea88302af151f404a060a0f72a') in 0.007339 seconds 
========================================================================
Received Import Request.
  Time since last request: 114.960277 seconds.
  path: Assets/Guns/ak with texture2.fbx
  artifactKey: Guid(38a5ab36893bf14418a425bd0261fa07) Importer(815301076,1909f56bfc062723c751e8b465ee728b)
Start importing Assets/Guns/ak with texture2.fbx using Guid(38a5ab36893bf14418a425bd0261fa07) Importer(815301076,1909f56bfc062723c751e8b465ee728b)  -> (artifact id: 'f25eed38868f82afa7c9d7e3f91da457') in 0.018854 seconds 
========================================================================
Received Import Request.
  Time since last request: 23.796166 seconds.
  path: Assets/Guns/ak with texture2.fbx
  artifactKey: Guid(38a5ab36893bf14418a425bd0261fa07) Importer(815301076,1909f56bfc062723c751e8b465ee728b)
Start importing Assets/Guns/ak with texture2.fbx using Guid(38a5ab36893bf14418a425bd0261fa07) Importer(815301076,1909f56bfc062723c751e8b465ee728b)  -> (artifact id: '78133eef0e55d90c839b95fa58f502cd') in 0.021258 seconds 
========================================================================
Received Import Request.
  Time since last request: 154.549509 seconds.
  path: Assets/Guns/mats
  artifactKey: Guid(16c97ba1f97c640418f1d81cddad8c7c) Importer(815301076,1909f56bfc062723c751e8b465ee728b)
Start importing Assets/Guns/mats using Guid(16c97ba1f97c640418f1d81cddad8c7c) Importer(815301076,1909f56bfc062723c751e8b465ee728b)  -> (artifact id: 'd1a890b003029c85f4d9790573311304') in 0.003252 seconds 
========================================================================
Received Import Request.
  Time since last request: 17.802434 seconds.
  path: Assets/Guns/ak with texture.fbx
  artifactKey: Guid(254c97c10f966044282bd39056fd0930) Importer(815301076,1909f56bfc062723c751e8b465ee728b)
Start importing Assets/Guns/ak with texture.fbx using Guid(254c97c10f966044282bd39056fd0930) Importer(815301076,1909f56bfc062723c751e8b465ee728b)  -> (artifact id: '3b00bffb2bd00851c0c723c017a289cf') in 0.018471 seconds 
========================================================================
Received Import Request.
  Time since last request: 11.193217 seconds.
  path: Assets/Guns/ak with texture.fbx
  artifactKey: Guid(254c97c10f966044282bd39056fd0930) Importer(815301076,1909f56bfc062723c751e8b465ee728b)
Start importing Assets/Guns/ak with texture.fbx using Guid(254c97c10f966044282bd39056fd0930) Importer(815301076,1909f56bfc062723c751e8b465ee728b)  -> (artifact id: '33613de8a2d0a9baef2ef177c3f9a8db') in 0.020447 seconds 
========================================================================
Received Prepare
Registering precompiled user dll's ...
Registered in 0.016021 seconds.
Begin MonoManager ReloadAssembly
Symbol file LoadedFromMemory doesn't match image C:\Unity Projects\new multiplayer api\Library\PackageCache\com.unity.visualscripting@1.6.1\Editor\VisualScripting.Core\Dependencies\YamlDotNet\Unity.VisualScripting.YamlDotNet.dll
Symbol file LoadedFromMemory doesn't match image C:\Unity Projects\new multiplayer api\Library\PackageCache\com.unity.visualscripting@1.6.1\Editor\VisualScripting.Core\Dependencies\DotNetZip\Unity.VisualScripting.IonicZip.dll
Native extension for LinuxStandalone target not found
Native extension for WindowsStandalone target not found
Native extension for WebGL target not found
Refreshing native plugins compatible for Editor in 1.40 ms, found 3 plugins.
Preloading 0 native plugins for Editor in 0.00 ms.
Mono: successfully reloaded assembly
- Completed reload, in  1.892 seconds
Domain Reload Profiling:
	ReloadAssembly (1893ms)
		BeginReloadAssembly (333ms)
			ExecutionOrderSort (0ms)
			DisableScriptedObjects (34ms)
			BackupInstance (0ms)
			ReleaseScriptingObjects (0ms)
			CreateAndSetChildDomain (146ms)
		EndReloadAssembly (1487ms)
			LoadAssemblies (124ms)
			RebuildTransferFunctionScriptingTraits (0ms)
			SetupTypeCache (615ms)
			ReleaseScriptCaches (3ms)
			RebuildScriptCaches (94ms)
			SetupLoadedEditorAssemblies (378ms)
				LogAssemblyErrors (0ms)
				InitializePlatformSupportModulesInManaged (11ms)
				SetLoadedEditorAssemblies (1ms)
				RefreshPlugins (2ms)
				BeforeProcessingInitializeOnLoad (106ms)
				ProcessInitializeOnLoadAttributes (244ms)
				ProcessInitializeOnLoadMethodAttributes (4ms)
				AfterProcessingInitializeOnLoad (10ms)
				EditorAssembliesLoaded (0ms)
			ExecutionOrderSort2 (0ms)
			AwakeInstancesAfterBackupRestoration (17ms)
Platform modules already initialized, skipping
Refreshing native plugins compatible for Editor in 1.03 ms, found 3 plugins.
Preloading 0 native plugins for Editor in 0.00 ms.
Unloading 4310 Unused Serialized files (Serialized files now loaded: 0)
System memory in use before: 174.0 MB.
System memory in use after: 171.2 MB.

Unloading 57 unused Assets to reduce memory usage. Loaded Objects now: 4906.
Total: 5.181800 ms (FindLiveObjects: 0.516000 ms CreateObjectMapping: 0.311700 ms MarkObjects: 2.912600 ms  DeleteObjects: 1.439400 ms)

AssetImportParameters requested are different than current active one (requested -> active):
  custom:framework-win-MediaFoundation: 216162199b28c13a410421893ffa2e32 -> 
  custom:video-decoder-ogg-theora: a1e56fd34408186e4bbccfd4996cb3dc -> 
  custom:container-muxer-webm: aa71ff27fc2769a1b78a27578f13a17b -> 
  custom:container-demuxer-webm: 4f35f7cbe854078d1ac9338744f61a02 -> 
  custom:container-demuxer-ogg: 62fdf1f143b41e24485cea50d1cbac27 -> 
  custom:video-encoder-webm-vp8: eb34c28f22e8b96e1ab97ce403110664 -> 
  custom:video-codec-MediaFoundation-h265: 746d11721c4dcdbdad8f713fa42b33f4 -> 
  custom:video-decoder-webm-vp8: 9c59270c3fd7afecdb556c50c9e8de78 -> 
  custom:audio-decoder-ogg-vorbis: bf7c407c2cedff20999df2af8eb42d56 -> 
  custom:audio-encoder-webm-vorbis: bf7c407c2cedff20999df2af8eb42d56 -> 
========================================================================
Received Prepare
Registering precompiled user dll's ...
Registered in 0.017173 seconds.
Begin MonoManager ReloadAssembly
Symbol file LoadedFromMemory doesn't match image C:\Unity Projects\new multiplayer api\Library\PackageCache\com.unity.visualscripting@1.6.1\Editor\VisualScripting.Core\Dependencies\YamlDotNet\Unity.VisualScripting.YamlDotNet.dll
Symbol file LoadedFromMemory doesn't match image C:\Unity Projects\new multiplayer api\Library\PackageCache\com.unity.visualscripting@1.6.1\Editor\VisualScripting.Core\Dependencies\DotNetZip\Unity.VisualScripting.IonicZip.dll
Native extension for LinuxStandalone target not found
Native extension for WindowsStandalone target not found
Native extension for WebGL target not found
Refreshing native plugins compatible for Editor in 0.77 ms, found 3 plugins.
Preloading 0 native plugins for Editor in 0.00 ms.
Mono: successfully reloaded assembly
- Completed reload, in  1.567 seconds
Domain Reload Profiling:
	ReloadAssembly (1567ms)
		BeginReloadAssembly (180ms)
			ExecutionOrderSort (0ms)
			DisableScriptedObjects (9ms)
			BackupInstance (0ms)
			ReleaseScriptingObjects (0ms)
			CreateAndSetChildDomain (53ms)
		EndReloadAssembly (1284ms)
			LoadAssemblies (163ms)
			RebuildTransferFunctionScriptingTraits (0ms)
			SetupTypeCache (547ms)
			ReleaseScriptCaches (2ms)
			RebuildScriptCaches (55ms)
			SetupLoadedEditorAssemblies (371ms)
				LogAssemblyErrors (0ms)
				InitializePlatformSupportModulesInManaged (7ms)
				SetLoadedEditorAssemblies (0ms)
				RefreshPlugins (1ms)
				BeforeProcessingInitializeOnLoad (85ms)
				ProcessInitializeOnLoadAttributes (260ms)
				ProcessInitializeOnLoadMethodAttributes (5ms)
				AfterProcessingInitializeOnLoad (12ms)
				EditorAssembliesLoaded (0ms)
			ExecutionOrderSort2 (0ms)
			AwakeInstancesAfterBackupRestoration (20ms)
Platform modules already initialized, skipping
Refreshing native plugins compatible for Editor in 1.38 ms, found 3 plugins.
Preloading 0 native plugins for Editor in 0.00 ms.
Unloading 4310 Unused Serialized files (Serialized files now loaded: 0)
System memory in use before: 174.0 MB.
System memory in use after: 171.2 MB.

Unloading 57 unused Assets to reduce memory usage. Loaded Objects now: 4909.
Total: 8.213200 ms (FindLiveObjects: 0.629600 ms CreateObjectMapping: 0.710200 ms MarkObjects: 4.837500 ms  DeleteObjects: 2.034100 ms)

AssetImportParameters requested are different than current active one (requested -> active):
  custom:framework-win-MediaFoundation: 216162199b28c13a410421893ffa2e32 -> 
  custom:video-decoder-ogg-theora: a1e56fd34408186e4bbccfd4996cb3dc -> 
  custom:container-muxer-webm: aa71ff27fc2769a1b78a27578f13a17b -> 
  custom:container-demuxer-webm: 4f35f7cbe854078d1ac9338744f61a02 -> 
  custom:container-demuxer-ogg: 62fdf1f143b41e24485cea50d1cbac27 -> 
  custom:video-encoder-webm-vp8: eb34c28f22e8b96e1ab97ce403110664 -> 
  custom:video-codec-MediaFoundation-h265: 746d11721c4dcdbdad8f713fa42b33f4 -> 
  custom:video-decoder-webm-vp8: 9c59270c3fd7afecdb556c50c9e8de78 -> 
  custom:audio-decoder-ogg-vorbis: bf7c407c2cedff20999df2af8eb42d56 -> 
  custom:audio-encoder-webm-vorbis: bf7c407c2cedff20999df2af8eb42d56 -> 
========================================================================
Received Prepare
Registering precompiled user dll's ...
Registered in 0.015978 seconds.
Begin MonoManager ReloadAssembly
Symbol file LoadedFromMemory doesn't match image C:\Unity Projects\new multiplayer api\Library\PackageCache\com.unity.visualscripting@1.6.1\Editor\VisualScripting.Core\Dependencies\YamlDotNet\Unity.VisualScripting.YamlDotNet.dll
Symbol file LoadedFromMemory doesn't match image C:\Unity Projects\new multiplayer api\Library\PackageCache\com.unity.visualscripting@1.6.1\Editor\VisualScripting.Core\Dependencies\DotNetZip\Unity.VisualScripting.IonicZip.dll
Native extension for LinuxStandalone target not found
Native extension for WindowsStandalone target not found
Native extension for WebGL target not found
Refreshing native plugins compatible for Editor in 0.90 ms, found 3 plugins.
Preloading 0 native plugins for Editor in 0.00 ms.
Mono: successfully reloaded assembly
- Completed reload, in  1.678 seconds
Domain Reload Profiling:
	ReloadAssembly (1678ms)
		BeginReloadAssembly (176ms)
			ExecutionOrderSort (0ms)
			DisableScriptedObjects (8ms)
			BackupInstance (0ms)
			ReleaseScriptingObjects (0ms)
			CreateAndSetChildDomain (47ms)
		EndReloadAssembly (1388ms)
			LoadAssemblies (207ms)
			RebuildTransferFunctionScriptingTraits (0ms)
			SetupTypeCache (553ms)
			ReleaseScriptCaches (2ms)
			RebuildScriptCaches (54ms)
			SetupLoadedEditorAssemblies (416ms)
				LogAssemblyErrors (0ms)
				InitializePlatformSupportModulesInManaged (11ms)
				SetLoadedEditorAssemblies (1ms)
				RefreshPlugins (1ms)
				BeforeProcessingInitializeOnLoad (101ms)
				ProcessInitializeOnLoadAttributes (284ms)
				ProcessInitializeOnLoadMethodAttributes (5ms)
				AfterProcessingInitializeOnLoad (12ms)
				EditorAssembliesLoaded (0ms)
			ExecutionOrderSort2 (0ms)
			AwakeInstancesAfterBackupRestoration (21ms)
Platform modules already initialized, skipping
Refreshing native plugins compatible for Editor in 0.90 ms, found 3 plugins.
Preloading 0 native plugins for Editor in 0.00 ms.
Unloading 4310 Unused Serialized files (Serialized files now loaded: 0)
System memory in use before: 174.0 MB.
System memory in use after: 171.2 MB.

Unloading 57 unused Assets to reduce memory usage. Loaded Objects now: 4912.
Total: 4.219900 ms (FindLiveObjects: 0.342000 ms CreateObjectMapping: 0.256500 ms MarkObjects: 2.324000 ms  DeleteObjects: 1.295900 ms)

AssetImportParameters requested are different than current active one (requested -> active):
  custom:framework-win-MediaFoundation: 216162199b28c13a410421893ffa2e32 -> 
  custom:video-decoder-ogg-theora: a1e56fd34408186e4bbccfd4996cb3dc -> 
  custom:container-muxer-webm: aa71ff27fc2769a1b78a27578f13a17b -> 
  custom:container-demuxer-webm: 4f35f7cbe854078d1ac9338744f61a02 -> 
  custom:container-demuxer-ogg: 62fdf1f143b41e24485cea50d1cbac27 -> 
  custom:video-encoder-webm-vp8: eb34c28f22e8b96e1ab97ce403110664 -> 
  custom:video-codec-MediaFoundation-h265: 746d11721c4dcdbdad8f713fa42b33f4 -> 
  custom:video-decoder-webm-vp8: 9c59270c3fd7afecdb556c50c9e8de78 -> 
  custom:audio-decoder-ogg-vorbis: bf7c407c2cedff20999df2af8eb42d56 -> 
  custom:audio-encoder-webm-vorbis: bf7c407c2cedff20999df2af8eb42d56 -> 
========================================================================
Received Import Request.
  Time since last request: 402.864753 seconds.
  path: Assets/Settings/UniversalRP-LowQuality.asset
  artifactKey: Guid(a31e9f9f9c9d4b9429ed0d1234e22103) Importer(815301076,1909f56bfc062723c751e8b465ee728b)
Start importing Assets/Settings/UniversalRP-LowQuality.asset using Guid(a31e9f9f9c9d4b9429ed0d1234e22103) Importer(815301076,1909f56bfc062723c751e8b465ee728b)  -> (artifact id: '72be010170f4a25e680cf020f1a0ccae') in 0.023830 seconds 
========================================================================
Received Import Request.
  Time since last request: 0.000348 seconds.
  path: Assets/Settings/UniversalRP-MediumQuality.asset
  artifactKey: Guid(d847b876476d3d6468f5dfcd34266f96) Importer(815301076,1909f56bfc062723c751e8b465ee728b)
Start importing Assets/Settings/UniversalRP-MediumQuality.asset using Guid(d847b876476d3d6468f5dfcd34266f96) Importer(815301076,1909f56bfc062723c751e8b465ee728b)  -> (artifact id: 'fe0d1a54879432a123a59da856550d5b') in 0.003362 seconds 
========================================================================
Received Import Request.
  Time since last request: 4.622037 seconds.
  path: Assets/Prefabs/Player.prefab
  artifactKey: Guid(36a109c7b67149c4e878e7661fb3b7e6) Importer(815301076,1909f56bfc062723c751e8b465ee728b)
Start importing Assets/Prefabs/Player.prefab using Guid(36a109c7b67149c4e878e7661fb3b7e6) Importer(815301076,1909f56bfc062723c751e8b465ee728b)  -> (artifact id: 'e4f6671c5ac885349f745b8d027bec68') in 0.162007 seconds 
========================================================================
Received Import Request.
  Time since last request: 9.120040 seconds.
  path: Assets/Prefabs/Player.prefab
  artifactKey: Guid(36a109c7b67149c4e878e7661fb3b7e6) Importer(815301076,1909f56bfc062723c751e8b465ee728b)
Start importing Assets/Prefabs/Player.prefab using Guid(36a109c7b67149c4e878e7661fb3b7e6) Importer(815301076,1909f56bfc062723c751e8b465ee728b)  -> (artifact id: 'dcf06189c76ebd4a19d1feee3ce82c76') in 0.011966 seconds 
========================================================================
Received Import Request.
  Time since last request: 1.795126 seconds.
  path: Assets/Prefabs/Player.prefab
  artifactKey: Guid(36a109c7b67149c4e878e7661fb3b7e6) Importer(815301076,1909f56bfc062723c751e8b465ee728b)
Start importing Assets/Prefabs/Player.prefab using Guid(36a109c7b67149c4e878e7661fb3b7e6) Importer(815301076,1909f56bfc062723c751e8b465ee728b)  -> (artifact id: '511d06cfece64f44f99a1ce9c165d825') in 0.013812 seconds 
========================================================================
Received Import Request.
  Time since last request: 2.181054 seconds.
  path: Assets/Prefabs/Player.prefab
  artifactKey: Guid(36a109c7b67149c4e878e7661fb3b7e6) Importer(815301076,1909f56bfc062723c751e8b465ee728b)
Start importing Assets/Prefabs/Player.prefab using Guid(36a109c7b67149c4e878e7661fb3b7e6) Importer(815301076,1909f56bfc062723c751e8b465ee728b)  -> (artifact id: '80ea08e799f3a9ca08168ce9b8c0a3e5') in 0.012915 seconds 
========================================================================
Received Import Request.
  Time since last request: 2.219180 seconds.
  path: Assets/Prefabs/Player.prefab
  artifactKey: Guid(36a109c7b67149c4e878e7661fb3b7e6) Importer(815301076,1909f56bfc062723c751e8b465ee728b)
Start importing Assets/Prefabs/Player.prefab using Guid(36a109c7b67149c4e878e7661fb3b7e6) Importer(815301076,1909f56bfc062723c751e8b465ee728b)  -> (artifact id: 'bc9f398a08c3c6c961186df11664fc59') in 0.011882 seconds 
========================================================================
Received Prepare
Registering precompiled user dll's ...
Registered in 0.014689 seconds.
Begin MonoManager ReloadAssembly
Symbol file LoadedFromMemory doesn't match image C:\Unity Projects\new multiplayer api\Library\PackageCache\com.unity.visualscripting@1.6.1\Editor\VisualScripting.Core\Dependencies\YamlDotNet\Unity.VisualScripting.YamlDotNet.dll
Symbol file LoadedFromMemory doesn't match image C:\Unity Projects\new multiplayer api\Library\PackageCache\com.unity.visualscripting@1.6.1\Editor\VisualScripting.Core\Dependencies\DotNetZip\Unity.VisualScripting.IonicZip.dll
Native extension for LinuxStandalone target not found
Native extension for WindowsStandalone target not found
Native extension for WebGL target not found
Refreshing native plugins compatible for Editor in 0.87 ms, found 3 plugins.
Preloading 0 native plugins for Editor in 0.00 ms.
Mono: successfully reloaded assembly
- Completed reload, in  1.513 seconds
Domain Reload Profiling:
	ReloadAssembly (1513ms)
		BeginReloadAssembly (162ms)
			ExecutionOrderSort (0ms)
			DisableScriptedObjects (8ms)
			BackupInstance (0ms)
			ReleaseScriptingObjects (0ms)
			CreateAndSetChildDomain (56ms)
		EndReloadAssembly (1267ms)
			LoadAssemblies (143ms)
			RebuildTransferFunctionScriptingTraits (0ms)
			SetupTypeCache (523ms)
			ReleaseScriptCaches (1ms)
			RebuildScriptCaches (53ms)
			SetupLoadedEditorAssemblies (379ms)
				LogAssemblyErrors (0ms)
				InitializePlatformSupportModulesInManaged (9ms)
				SetLoadedEditorAssemblies (0ms)
				RefreshPlugins (1ms)
				BeforeProcessingInitializeOnLoad (95ms)
				ProcessInitializeOnLoadAttributes (257ms)
				ProcessInitializeOnLoadMethodAttributes (4ms)
				AfterProcessingInitializeOnLoad (11ms)
				EditorAssembliesLoaded (0ms)
			ExecutionOrderSort2 (0ms)
			AwakeInstancesAfterBackupRestoration (17ms)
Platform modules already initialized, skipping
Refreshing native plugins compatible for Editor in 0.80 ms, found 3 plugins.
Preloading 0 native plugins for Editor in 0.00 ms.
Unloading 4310 Unused Serialized files (Serialized files now loaded: 0)
System memory in use before: 174.2 MB.
System memory in use after: 171.4 MB.

Unloading 57 unused Assets to reduce memory usage. Loaded Objects now: 4953.
Total: 4.836100 ms (FindLiveObjects: 0.569500 ms CreateObjectMapping: 0.490600 ms MarkObjects: 2.610300 ms  DeleteObjects: 1.164000 ms)

AssetImportParameters requested are different than current active one (requested -> active):
  custom:framework-win-MediaFoundation: 216162199b28c13a410421893ffa2e32 -> 
  custom:video-decoder-ogg-theora: a1e56fd34408186e4bbccfd4996cb3dc -> 
  custom:container-muxer-webm: aa71ff27fc2769a1b78a27578f13a17b -> 
  custom:container-demuxer-webm: 4f35f7cbe854078d1ac9338744f61a02 -> 
  custom:container-demuxer-ogg: 62fdf1f143b41e24485cea50d1cbac27 -> 
  custom:video-encoder-webm-vp8: eb34c28f22e8b96e1ab97ce403110664 -> 
  custom:video-codec-MediaFoundation-h265: 746d11721c4dcdbdad8f713fa42b33f4 -> 
  custom:video-decoder-webm-vp8: 9c59270c3fd7afecdb556c50c9e8de78 -> 
  custom:audio-decoder-ogg-vorbis: bf7c407c2cedff20999df2af8eb42d56 -> 
  custom:audio-encoder-webm-vorbis: bf7c407c2cedff20999df2af8eb42d56 -> 
========================================================================
Received Import Request.
  Time since last request: 26.656536 seconds.
  path: Assets/Prefabs/Player.prefab
  artifactKey: Guid(36a109c7b67149c4e878e7661fb3b7e6) Importer(815301076,1909f56bfc062723c751e8b465ee728b)
Start importing Assets/Prefabs/Player.prefab using Guid(36a109c7b67149c4e878e7661fb3b7e6) Importer(815301076,1909f56bfc062723c751e8b465ee728b)  -> (artifact id: '3d85f8e367e14b2df58ca96b633f6bd0') in 0.171991 seconds 
========================================================================
Received Import Request.
  Time since last request: 3.802912 seconds.
  path: Assets/Prefabs/Player.prefab
  artifactKey: Guid(36a109c7b67149c4e878e7661fb3b7e6) Importer(815301076,1909f56bfc062723c751e8b465ee728b)
Start importing Assets/Prefabs/Player.prefab using Guid(36a109c7b67149c4e878e7661fb3b7e6) Importer(815301076,1909f56bfc062723c751e8b465ee728b)  -> (artifact id: '50ffed8cbcd9b469c4a858e802adb95f') in 0.011795 seconds 
========================================================================
Received Import Request.
  Time since last request: 4.431293 seconds.
  path: Assets/Prefabs/Player.prefab
  artifactKey: Guid(36a109c7b67149c4e878e7661fb3b7e6) Importer(815301076,1909f56bfc062723c751e8b465ee728b)
Start importing Assets/Prefabs/Player.prefab using Guid(36a109c7b67149c4e878e7661fb3b7e6) Importer(815301076,1909f56bfc062723c751e8b465ee728b)  -> (artifact id: '407693a1f147bb5c53153f584a9e87b1') in 0.012423 seconds 
========================================================================
Received Import Request.
  Time since last request: 4.233990 seconds.
  path: Assets/Prefabs/Player.prefab
  artifactKey: Guid(36a109c7b67149c4e878e7661fb3b7e6) Importer(815301076,1909f56bfc062723c751e8b465ee728b)
Start importing Assets/Prefabs/Player.prefab using Guid(36a109c7b67149c4e878e7661fb3b7e6) Importer(815301076,1909f56bfc062723c751e8b465ee728b)  -> (artifact id: '8b045c45d544612acb0b2743e6966252') in 0.013354 seconds 
========================================================================
Received Import Request.
  Time since last request: 3.013180 seconds.
  path: Assets/Prefabs/Player.prefab
  artifactKey: Guid(36a109c7b67149c4e878e7661fb3b7e6) Importer(815301076,1909f56bfc062723c751e8b465ee728b)
Start importing Assets/Prefabs/Player.prefab using Guid(36a109c7b67149c4e878e7661fb3b7e6) Importer(815301076,1909f56bfc062723c751e8b465ee728b)  -> (artifact id: '2d0390c49735b4c64b20db1c75959fb5') in 0.011834 seconds 
========================================================================
Received Import Request.
  Time since last request: 6.841597 seconds.
  path: Assets/Prefabs/Player.prefab
  artifactKey: Guid(36a109c7b67149c4e878e7661fb3b7e6) Importer(815301076,1909f56bfc062723c751e8b465ee728b)
Start importing Assets/Prefabs/Player.prefab using Guid(36a109c7b67149c4e878e7661fb3b7e6) Importer(815301076,1909f56bfc062723c751e8b465ee728b)  -> (artifact id: 'ccf792e55ff527c83a227fd31f85d33e') in 0.014872 seconds 
========================================================================
Received Import Request.
  Time since last request: 2.004114 seconds.
  path: Assets/Prefabs/Player.prefab
  artifactKey: Guid(36a109c7b67149c4e878e7661fb3b7e6) Importer(815301076,1909f56bfc062723c751e8b465ee728b)
Start importing Assets/Prefabs/Player.prefab using Guid(36a109c7b67149c4e878e7661fb3b7e6) Importer(815301076,1909f56bfc062723c751e8b465ee728b)  -> (artifact id: 'f6f9b7a4648de5ef54c83577f469539a') in 0.011719 seconds 
========================================================================
Received Import Request.
  Time since last request: 2.212816 seconds.
  path: Assets/Prefabs/Player.prefab
  artifactKey: Guid(36a109c7b67149c4e878e7661fb3b7e6) Importer(815301076,1909f56bfc062723c751e8b465ee728b)
Start importing Assets/Prefabs/Player.prefab using Guid(36a109c7b67149c4e878e7661fb3b7e6) Importer(815301076,1909f56bfc062723c751e8b465ee728b)  -> (artifact id: 'dc1a702065a997d733731825b2332003') in 0.010998 seconds 
========================================================================
Received Import Request.
  Time since last request: 18.138013 seconds.
  path: Assets/Prefabs/Player.prefab
  artifactKey: Guid(36a109c7b67149c4e878e7661fb3b7e6) Importer(815301076,1909f56bfc062723c751e8b465ee728b)
Start importing Assets/Prefabs/Player.prefab using Guid(36a109c7b67149c4e878e7661fb3b7e6) Importer(815301076,1909f56bfc062723c751e8b465ee728b)  -> (artifact id: 'd7360d6271862be17ba5c1bbb515f3c4') in 0.012199 seconds 
========================================================================
Received Import Request.
  Time since last request: 1.193232 seconds.
  path: Assets/Prefabs/Player.prefab
  artifactKey: Guid(36a109c7b67149c4e878e7661fb3b7e6) Importer(815301076,1909f56bfc062723c751e8b465ee728b)
Start importing Assets/Prefabs/Player.prefab using Guid(36a109c7b67149c4e878e7661fb3b7e6) Importer(815301076,1909f56bfc062723c751e8b465ee728b)  -> (artifact id: 'ea103a54c8b6a8676074f4bac4b9d76e') in 0.012842 seconds 
========================================================================
Received Import Request.
  Time since last request: 15.894239 seconds.
  path: Assets/Prefabs/Player.prefab
  artifactKey: Guid(36a109c7b67149c4e878e7661fb3b7e6) Importer(815301076,1909f56bfc062723c751e8b465ee728b)
Start importing Assets/Prefabs/Player.prefab using Guid(36a109c7b67149c4e878e7661fb3b7e6) Importer(815301076,1909f56bfc062723c751e8b465ee728b)  -> (artifact id: 'b6cf3408312ef312f4309221315e8b42') in 0.014792 seconds 
========================================================================
Received Import Request.
  Time since last request: 6.917991 seconds.
  path: Assets/Prefabs/Player.prefab
  artifactKey: Guid(36a109c7b67149c4e878e7661fb3b7e6) Importer(815301076,1909f56bfc062723c751e8b465ee728b)
Start importing Assets/Prefabs/Player.prefab using Guid(36a109c7b67149c4e878e7661fb3b7e6) Importer(815301076,1909f56bfc062723c751e8b465ee728b)  -> (artifact id: '03759802a3fe5d4f005319fd95dc812a') in 0.010921 seconds 
========================================================================
Received Import Request.
  Time since last request: 6.062574 seconds.
  path: Assets/Prefabs/Player.prefab
  artifactKey: Guid(36a109c7b67149c4e878e7661fb3b7e6) Importer(815301076,1909f56bfc062723c751e8b465ee728b)
Start importing Assets/Prefabs/Player.prefab using Guid(36a109c7b67149c4e878e7661fb3b7e6) Importer(815301076,1909f56bfc062723c751e8b465ee728b)  -> (artifact id: 'c3f1264f2e9aee3667b07855d52a16b8') in 0.012213 seconds 
========================================================================
Received Import Request.
  Time since last request: 3.460427 seconds.
  path: Assets/Prefabs/Player.prefab
  artifactKey: Guid(36a109c7b67149c4e878e7661fb3b7e6) Importer(815301076,1909f56bfc062723c751e8b465ee728b)
Start importing Assets/Prefabs/Player.prefab using Guid(36a109c7b67149c4e878e7661fb3b7e6) Importer(815301076,1909f56bfc062723c751e8b465ee728b)  -> (artifact id: 'd85fbb69be6477be13863270ce42b60c') in 0.012950 seconds 
========================================================================
Received Import Request.
  Time since last request: 1.600237 seconds.
  path: Assets/Prefabs/Player.prefab
  artifactKey: Guid(36a109c7b67149c4e878e7661fb3b7e6) Importer(815301076,1909f56bfc062723c751e8b465ee728b)
Start importing Assets/Prefabs/Player.prefab using Guid(36a109c7b67149c4e878e7661fb3b7e6) Importer(815301076,1909f56bfc062723c751e8b465ee728b)  -> (artifact id: 'b3b6cd5ffb0a5a9c17f1a4f6a044f990') in 0.011214 seconds 
========================================================================
Received Import Request.
  Time since last request: 1.718452 seconds.
  path: Assets/Prefabs/Player.prefab
  artifactKey: Guid(36a109c7b67149c4e878e7661fb3b7e6) Importer(815301076,1909f56bfc062723c751e8b465ee728b)
Start importing Assets/Prefabs/Player.prefab using Guid(36a109c7b67149c4e878e7661fb3b7e6) Importer(815301076,1909f56bfc062723c751e8b465ee728b)  -> (artifact id: 'a7671702cae1a1bb41062f100f6b654d') in 0.010940 seconds 
========================================================================
Received Import Request.
  Time since last request: 4.905796 seconds.
  path: Assets/Prefabs/Player.prefab
  artifactKey: Guid(36a109c7b67149c4e878e7661fb3b7e6) Importer(815301076,1909f56bfc062723c751e8b465ee728b)
Start importing Assets/Prefabs/Player.prefab using Guid(36a109c7b67149c4e878e7661fb3b7e6) Importer(815301076,1909f56bfc062723c751e8b465ee728b)  -> (artifact id: '766d60f3bb139c4e6c1ff9026ce34e87') in 0.013066 seconds 
========================================================================
Received Import Request.
  Time since last request: 4.654073 seconds.
  path: Assets/Prefabs/Player.prefab
  artifactKey: Guid(36a109c7b67149c4e878e7661fb3b7e6) Importer(815301076,1909f56bfc062723c751e8b465ee728b)
Start importing Assets/Prefabs/Player.prefab using Guid(36a109c7b67149c4e878e7661fb3b7e6) Importer(815301076,1909f56bfc062723c751e8b465ee728b)  -> (artifact id: 'cc254169f22c28825d21e58d5dbe34b1') in 0.012029 seconds 
========================================================================
Received Import Request.
  Time since last request: 5.218906 seconds.
  path: Assets/Prefabs/Player.prefab
  artifactKey: Guid(36a109c7b67149c4e878e7661fb3b7e6) Importer(815301076,1909f56bfc062723c751e8b465ee728b)
Start importing Assets/Prefabs/Player.prefab using Guid(36a109c7b67149c4e878e7661fb3b7e6) Importer(815301076,1909f56bfc062723c751e8b465ee728b)  -> (artifact id: 'c3aee69c401cecc2a4fed6ba4d47736f') in 0.015958 seconds 
========================================================================
Received Import Request.
  Time since last request: 0.995486 seconds.
  path: Assets/Prefabs/Player.prefab
  artifactKey: Guid(36a109c7b67149c4e878e7661fb3b7e6) Importer(815301076,1909f56bfc062723c751e8b465ee728b)
Start importing Assets/Prefabs/Player.prefab using Guid(36a109c7b67149c4e878e7661fb3b7e6) Importer(815301076,1909f56bfc062723c751e8b465ee728b)  -> (artifact id: 'f9326bffceed6edc0d6b4af3f485a2d2') in 0.012613 seconds 
========================================================================
Received Import Request.
  Time since last request: 1.790794 seconds.
  path: Assets/Prefabs/Player.prefab
  artifactKey: Guid(36a109c7b67149c4e878e7661fb3b7e6) Importer(815301076,1909f56bfc062723c751e8b465ee728b)
Start importing Assets/Prefabs/Player.prefab using Guid(36a109c7b67149c4e878e7661fb3b7e6) Importer(815301076,1909f56bfc062723c751e8b465ee728b)  -> (artifact id: 'ac84114af6a2e876498d78bb6139fed7') in 0.010592 seconds 
========================================================================
Received Import Request.
  Time since last request: 21.739730 seconds.
  path: ProjectSettings/TagManager.asset
  artifactKey: Guid(00000000000000003000000000000000) Importer(815301076,1909f56bfc062723c751e8b465ee728b)
Start importing ProjectSettings/TagManager.asset using Guid(00000000000000003000000000000000) Importer(815301076,1909f56bfc062723c751e8b465ee728b)  -> (artifact id: '0d09fcf83d75f1a1b8178bb969d07a64') in 0.006365 seconds 
========================================================================
Received Prepare
Registering precompiled user dll's ...
Registered in 0.011105 seconds.
Begin MonoManager ReloadAssembly
Symbol file LoadedFromMemory doesn't match image C:\Unity Projects\new multiplayer api\Library\PackageCache\com.unity.visualscripting@1.6.1\Editor\VisualScripting.Core\Dependencies\YamlDotNet\Unity.VisualScripting.YamlDotNet.dll
Symbol file LoadedFromMemory doesn't match image C:\Unity Projects\new multiplayer api\Library\PackageCache\com.unity.visualscripting@1.6.1\Editor\VisualScripting.Core\Dependencies\DotNetZip\Unity.VisualScripting.IonicZip.dll
Native extension for LinuxStandalone target not found
Native extension for WindowsStandalone target not found
Native extension for WebGL target not found
Refreshing native plugins compatible for Editor in 0.79 ms, found 3 plugins.
Preloading 0 native plugins for Editor in 0.00 ms.
Mono: successfully reloaded assembly
- Completed reload, in  1.189 seconds
Domain Reload Profiling:
	ReloadAssembly (1190ms)
		BeginReloadAssembly (130ms)
			ExecutionOrderSort (0ms)
			DisableScriptedObjects (6ms)
			BackupInstance (0ms)
			ReleaseScriptingObjects (0ms)
			CreateAndSetChildDomain (41ms)
		EndReloadAssembly (995ms)
			LoadAssemblies (110ms)
			RebuildTransferFunctionScriptingTraits (0ms)
			SetupTypeCache (376ms)
			ReleaseScriptCaches (1ms)
			RebuildScriptCaches (43ms)
			SetupLoadedEditorAssemblies (324ms)
				LogAssemblyErrors (0ms)
				InitializePlatformSupportModulesInManaged (7ms)
				SetLoadedEditorAssemblies (0ms)
				RefreshPlugins (1ms)
				BeforeProcessingInitializeOnLoad (78ms)
				ProcessInitializeOnLoadAttributes (223ms)
				ProcessInitializeOnLoadMethodAttributes (4ms)
				AfterProcessingInitializeOnLoad (10ms)
				EditorAssembliesLoaded (0ms)
			ExecutionOrderSort2 (0ms)
			AwakeInstancesAfterBackupRestoration (18ms)
Platform modules already initialized, skipping
Refreshing native plugins compatible for Editor in 0.74 ms, found 3 plugins.
Preloading 0 native plugins for Editor in 0.00 ms.
Unloading 4310 Unused Serialized files (Serialized files now loaded: 0)
System memory in use before: 174.4 MB.
System memory in use after: 171.6 MB.

Unloading 58 unused Assets to reduce memory usage. Loaded Objects now: 4992.
Total: 4.657700 ms (FindLiveObjects: 0.398300 ms CreateObjectMapping: 0.242300 ms MarkObjects: 2.700400 ms  DeleteObjects: 1.315700 ms)

AssetImportParameters requested are different than current active one (requested -> active):
  custom:framework-win-MediaFoundation: 216162199b28c13a410421893ffa2e32 -> 
  custom:video-decoder-ogg-theora: a1e56fd34408186e4bbccfd4996cb3dc -> 
  custom:container-muxer-webm: aa71ff27fc2769a1b78a27578f13a17b -> 
  custom:container-demuxer-webm: 4f35f7cbe854078d1ac9338744f61a02 -> 
  custom:container-demuxer-ogg: 62fdf1f143b41e24485cea50d1cbac27 -> 
  custom:video-encoder-webm-vp8: eb34c28f22e8b96e1ab97ce403110664 -> 
  custom:video-codec-MediaFoundation-h265: 746d11721c4dcdbdad8f713fa42b33f4 -> 
  custom:video-decoder-webm-vp8: 9c59270c3fd7afecdb556c50c9e8de78 -> 
  custom:audio-decoder-ogg-vorbis: bf7c407c2cedff20999df2af8eb42d56 -> 
  custom:audio-encoder-webm-vorbis: bf7c407c2cedff20999df2af8eb42d56 -> 
========================================================================
Received Prepare
Registering precompiled user dll's ...
Registered in 0.012441 seconds.
Begin MonoManager ReloadAssembly
Symbol file LoadedFromMemory doesn't match image C:\Unity Projects\new multiplayer api\Library\PackageCache\com.unity.visualscripting@1.6.1\Editor\VisualScripting.Core\Dependencies\YamlDotNet\Unity.VisualScripting.YamlDotNet.dll
Symbol file LoadedFromMemory doesn't match image C:\Unity Projects\new multiplayer api\Library\PackageCache\com.unity.visualscripting@1.6.1\Editor\VisualScripting.Core\Dependencies\DotNetZip\Unity.VisualScripting.IonicZip.dll
Native extension for LinuxStandalone target not found
Native extension for WindowsStandalone target not found
Native extension for WebGL target not found
Refreshing native plugins compatible for Editor in 0.80 ms, found 3 plugins.
Preloading 0 native plugins for Editor in 0.00 ms.
Mono: successfully reloaded assembly
- Completed reload, in  1.180 seconds
Domain Reload Profiling:
	ReloadAssembly (1181ms)
		BeginReloadAssembly (123ms)
			ExecutionOrderSort (0ms)
			DisableScriptedObjects (5ms)
			BackupInstance (0ms)
			ReleaseScriptingObjects (0ms)
			CreateAndSetChildDomain (37ms)
		EndReloadAssembly (988ms)
			LoadAssemblies (113ms)
			RebuildTransferFunctionScriptingTraits (0ms)
			SetupTypeCache (367ms)
			ReleaseScriptCaches (1ms)
			RebuildScriptCaches (42ms)
			SetupLoadedEditorAssemblies (319ms)
				LogAssemblyErrors (0ms)
				InitializePlatformSupportModulesInManaged (8ms)
				SetLoadedEditorAssemblies (1ms)
				RefreshPlugins (1ms)
				BeforeProcessingInitializeOnLoad (76ms)
				ProcessInitializeOnLoadAttributes (220ms)
				ProcessInitializeOnLoadMethodAttributes (4ms)
				AfterProcessingInitializeOnLoad (9ms)
				EditorAssembliesLoaded (0ms)
			ExecutionOrderSort2 (0ms)
			AwakeInstancesAfterBackupRestoration (19ms)
Platform modules already initialized, skipping
Refreshing native plugins compatible for Editor in 0.76 ms, found 3 plugins.
Preloading 0 native plugins for Editor in 0.00 ms.
Unloading 4310 Unused Serialized files (Serialized files now loaded: 0)
System memory in use before: 174.4 MB.
System memory in use after: 171.6 MB.

Unloading 57 unused Assets to reduce memory usage. Loaded Objects now: 4995.
Total: 4.278800 ms (FindLiveObjects: 0.334500 ms CreateObjectMapping: 0.212000 ms MarkObjects: 2.573600 ms  DeleteObjects: 1.157600 ms)

AssetImportParameters requested are different than current active one (requested -> active):
  custom:framework-win-MediaFoundation: 216162199b28c13a410421893ffa2e32 -> 
  custom:video-decoder-ogg-theora: a1e56fd34408186e4bbccfd4996cb3dc -> 
  custom:container-muxer-webm: aa71ff27fc2769a1b78a27578f13a17b -> 
  custom:container-demuxer-webm: 4f35f7cbe854078d1ac9338744f61a02 -> 
  custom:container-demuxer-ogg: 62fdf1f143b41e24485cea50d1cbac27 -> 
  custom:video-encoder-webm-vp8: eb34c28f22e8b96e1ab97ce403110664 -> 
  custom:video-codec-MediaFoundation-h265: 746d11721c4dcdbdad8f713fa42b33f4 -> 
  custom:video-decoder-webm-vp8: 9c59270c3fd7afecdb556c50c9e8de78 -> 
  custom:audio-decoder-ogg-vorbis: bf7c407c2cedff20999df2af8eb42d56 -> 
  custom:audio-encoder-webm-vorbis: bf7c407c2cedff20999df2af8eb42d56 -> 
========================================================================
Received Prepare
Registering precompiled user dll's ...
Registered in 0.011451 seconds.
Begin MonoManager ReloadAssembly
Symbol file LoadedFromMemory doesn't match image C:\Unity Projects\new multiplayer api\Library\PackageCache\com.unity.visualscripting@1.6.1\Editor\VisualScripting.Core\Dependencies\YamlDotNet\Unity.VisualScripting.YamlDotNet.dll
Symbol file LoadedFromMemory doesn't match image C:\Unity Projects\new multiplayer api\Library\PackageCache\com.unity.visualscripting@1.6.1\Editor\VisualScripting.Core\Dependencies\DotNetZip\Unity.VisualScripting.IonicZip.dll
Native extension for LinuxStandalone target not found
Native extension for WindowsStandalone target not found
Native extension for WebGL target not found
Refreshing native plugins compatible for Editor in 0.77 ms, found 3 plugins.
Preloading 0 native plugins for Editor in 0.00 ms.
Mono: successfully reloaded assembly
- Completed reload, in  1.253 seconds
Domain Reload Profiling:
	ReloadAssembly (1254ms)
		BeginReloadAssembly (122ms)
			ExecutionOrderSort (0ms)
			DisableScriptedObjects (6ms)
			BackupInstance (0ms)
			ReleaseScriptingObjects (0ms)
			CreateAndSetChildDomain (36ms)
		EndReloadAssembly (1064ms)
			LoadAssemblies (112ms)
			RebuildTransferFunctionScriptingTraits (0ms)
			SetupTypeCache (381ms)
			ReleaseScriptCaches (1ms)
			RebuildScriptCaches (50ms)
			SetupLoadedEditorAssemblies (380ms)
				LogAssemblyErrors (0ms)
				InitializePlatformSupportModulesInManaged (9ms)
				SetLoadedEditorAssemblies (0ms)
				RefreshPlugins (1ms)
				BeforeProcessingInitializeOnLoad (112ms)
				ProcessInitializeOnLoadAttributes (245ms)
				ProcessInitializeOnLoadMethodAttributes (4ms)
				AfterProcessingInitializeOnLoad (10ms)
				EditorAssembliesLoaded (0ms)
			ExecutionOrderSort2 (0ms)
			AwakeInstancesAfterBackupRestoration (18ms)
Platform modules already initialized, skipping
Refreshing native plugins compatible for Editor in 0.93 ms, found 3 plugins.
Preloading 0 native plugins for Editor in 0.00 ms.
Unloading 4310 Unused Serialized files (Serialized files now loaded: 0)
System memory in use before: 174.3 MB.
System memory in use after: 171.5 MB.

Unloading 57 unused Assets to reduce memory usage. Loaded Objects now: 4998.
Total: 4.633000 ms (FindLiveObjects: 0.349300 ms CreateObjectMapping: 0.170600 ms MarkObjects: 2.971100 ms  DeleteObjects: 1.140800 ms)

AssetImportParameters requested are different than current active one (requested -> active):
  custom:framework-win-MediaFoundation: 216162199b28c13a410421893ffa2e32 -> 
  custom:video-decoder-ogg-theora: a1e56fd34408186e4bbccfd4996cb3dc -> 
  custom:container-muxer-webm: aa71ff27fc2769a1b78a27578f13a17b -> 
  custom:container-demuxer-webm: 4f35f7cbe854078d1ac9338744f61a02 -> 
  custom:container-demuxer-ogg: 62fdf1f143b41e24485cea50d1cbac27 -> 
  custom:video-encoder-webm-vp8: eb34c28f22e8b96e1ab97ce403110664 -> 
  custom:video-codec-MediaFoundation-h265: 746d11721c4dcdbdad8f713fa42b33f4 -> 
  custom:video-decoder-webm-vp8: 9c59270c3fd7afecdb556c50c9e8de78 -> 
  custom:audio-decoder-ogg-vorbis: bf7c407c2cedff20999df2af8eb42d56 -> 
  custom:audio-encoder-webm-vorbis: bf7c407c2cedff20999df2af8eb42d56 -> 
========================================================================
Received Prepare
Registering precompiled user dll's ...
Registered in 0.023769 seconds.
Begin MonoManager ReloadAssembly
Symbol file LoadedFromMemory doesn't match image C:\Unity Projects\new multiplayer api\Library\PackageCache\com.unity.visualscripting@1.6.1\Editor\VisualScripting.Core\Dependencies\YamlDotNet\Unity.VisualScripting.YamlDotNet.dll
Symbol file LoadedFromMemory doesn't match image C:\Unity Projects\new multiplayer api\Library\PackageCache\com.unity.visualscripting@1.6.1\Editor\VisualScripting.Core\Dependencies\DotNetZip\Unity.VisualScripting.IonicZip.dll
Native extension for LinuxStandalone target not found
Native extension for WindowsStandalone target not found
Native extension for WebGL target not found
Refreshing native plugins compatible for Editor in 0.76 ms, found 3 plugins.
Preloading 0 native plugins for Editor in 0.00 ms.
Mono: successfully reloaded assembly
- Completed reload, in  1.268 seconds
Domain Reload Profiling:
	ReloadAssembly (1268ms)
		BeginReloadAssembly (144ms)
			ExecutionOrderSort (0ms)
			DisableScriptedObjects (6ms)
			BackupInstance (0ms)
			ReleaseScriptingObjects (0ms)
			CreateAndSetChildDomain (36ms)
		EndReloadAssembly (1054ms)
			LoadAssemblies (133ms)
			RebuildTransferFunctionScriptingTraits (0ms)
			SetupTypeCache (396ms)
			ReleaseScriptCaches (1ms)
			RebuildScriptCaches (46ms)
			SetupLoadedEditorAssemblies (340ms)
				LogAssemblyErrors (0ms)
				InitializePlatformSupportModulesInManaged (7ms)
				SetLoadedEditorAssemblies (0ms)
				RefreshPlugins (1ms)
				BeforeProcessingInitializeOnLoad (77ms)
				ProcessInitializeOnLoadAttributes (240ms)
				ProcessInitializeOnLoadMethodAttributes (4ms)
				AfterProcessingInitializeOnLoad (10ms)
				EditorAssembliesLoaded (0ms)
			ExecutionOrderSort2 (0ms)
			AwakeInstancesAfterBackupRestoration (20ms)
Platform modules already initialized, skipping
Refreshing native plugins compatible for Editor in 0.92 ms, found 3 plugins.
Preloading 0 native plugins for Editor in 0.00 ms.
Unloading 4310 Unused Serialized files (Serialized files now loaded: 0)
System memory in use before: 174.3 MB.
System memory in use after: 171.6 MB.

Unloading 57 unused Assets to reduce memory usage. Loaded Objects now: 5001.
Total: 8.431300 ms (FindLiveObjects: 0.778000 ms CreateObjectMapping: 0.540300 ms MarkObjects: 5.218900 ms  DeleteObjects: 1.890600 ms)

AssetImportParameters requested are different than current active one (requested -> active):
  custom:framework-win-MediaFoundation: 216162199b28c13a410421893ffa2e32 -> 
  custom:video-decoder-ogg-theora: a1e56fd34408186e4bbccfd4996cb3dc -> 
  custom:container-muxer-webm: aa71ff27fc2769a1b78a27578f13a17b -> 
  custom:container-demuxer-webm: 4f35f7cbe854078d1ac9338744f61a02 -> 
  custom:container-demuxer-ogg: 62fdf1f143b41e24485cea50d1cbac27 -> 
  custom:video-encoder-webm-vp8: eb34c28f22e8b96e1ab97ce403110664 -> 
  custom:video-codec-MediaFoundation-h265: 746d11721c4dcdbdad8f713fa42b33f4 -> 
  custom:video-decoder-webm-vp8: 9c59270c3fd7afecdb556c50c9e8de78 -> 
  custom:audio-decoder-ogg-vorbis: bf7c407c2cedff20999df2af8eb42d56 -> 
  custom:audio-encoder-webm-vorbis: bf7c407c2cedff20999df2af8eb42d56 -> 
========================================================================
Received Prepare
Registering precompiled user dll's ...
Registered in 0.011058 seconds.
Begin MonoManager ReloadAssembly
Symbol file LoadedFromMemory doesn't match image C:\Unity Projects\new multiplayer api\Library\PackageCache\com.unity.visualscripting@1.6.1\Editor\VisualScripting.Core\Dependencies\YamlDotNet\Unity.VisualScripting.YamlDotNet.dll
Symbol file LoadedFromMemory doesn't match image C:\Unity Projects\new multiplayer api\Library\PackageCache\com.unity.visualscripting@1.6.1\Editor\VisualScripting.Core\Dependencies\DotNetZip\Unity.VisualScripting.IonicZip.dll
Native extension for LinuxStandalone target not found
Native extension for WindowsStandalone target not found
Native extension for WebGL target not found
Refreshing native plugins compatible for Editor in 0.74 ms, found 3 plugins.
Preloading 0 native plugins for Editor in 0.00 ms.
Mono: successfully reloaded assembly
- Completed reload, in  1.210 seconds
Domain Reload Profiling:
	ReloadAssembly (1211ms)
		BeginReloadAssembly (140ms)
			ExecutionOrderSort (0ms)
			DisableScriptedObjects (6ms)
			BackupInstance (0ms)
			ReleaseScriptingObjects (0ms)
			CreateAndSetChildDomain (40ms)
		EndReloadAssembly (1000ms)
			LoadAssemblies (115ms)
			RebuildTransferFunctionScriptingTraits (0ms)
			SetupTypeCache (372ms)
			ReleaseScriptCaches (1ms)
			RebuildScriptCaches (44ms)
			SetupLoadedEditorAssemblies (331ms)
				LogAssemblyErrors (0ms)
				InitializePlatformSupportModulesInManaged (7ms)
				SetLoadedEditorAssemblies (0ms)
				RefreshPlugins (1ms)
				BeforeProcessingInitializeOnLoad (80ms)
				ProcessInitializeOnLoadAttributes (229ms)
				ProcessInitializeOnLoadMethodAttributes (4ms)
				AfterProcessingInitializeOnLoad (9ms)
				EditorAssembliesLoaded (0ms)
			ExecutionOrderSort2 (0ms)
			AwakeInstancesAfterBackupRestoration (18ms)
Platform modules already initialized, skipping
Refreshing native plugins compatible for Editor in 1.22 ms, found 3 plugins.
Preloading 0 native plugins for Editor in 0.00 ms.
Unloading 4310 Unused Serialized files (Serialized files now loaded: 0)
System memory in use before: 174.4 MB.
System memory in use after: 171.6 MB.

Unloading 57 unused Assets to reduce memory usage. Loaded Objects now: 5004.
Total: 4.643200 ms (FindLiveObjects: 0.336200 ms CreateObjectMapping: 0.219300 ms MarkObjects: 2.720300 ms  DeleteObjects: 1.366200 ms)

AssetImportParameters requested are different than current active one (requested -> active):
  custom:framework-win-MediaFoundation: 216162199b28c13a410421893ffa2e32 -> 
  custom:video-decoder-ogg-theora: a1e56fd34408186e4bbccfd4996cb3dc -> 
  custom:container-muxer-webm: aa71ff27fc2769a1b78a27578f13a17b -> 
  custom:container-demuxer-webm: 4f35f7cbe854078d1ac9338744f61a02 -> 
  custom:container-demuxer-ogg: 62fdf1f143b41e24485cea50d1cbac27 -> 
  custom:video-encoder-webm-vp8: eb34c28f22e8b96e1ab97ce403110664 -> 
  custom:video-codec-MediaFoundation-h265: 746d11721c4dcdbdad8f713fa42b33f4 -> 
  custom:video-decoder-webm-vp8: 9c59270c3fd7afecdb556c50c9e8de78 -> 
  custom:audio-decoder-ogg-vorbis: bf7c407c2cedff20999df2af8eb42d56 -> 
  custom:audio-encoder-webm-vorbis: bf7c407c2cedff20999df2af8eb42d56 -> 
========================================================================
Received Prepare
Registering precompiled user dll's ...
Registered in 0.011578 seconds.
Begin MonoManager ReloadAssembly
Symbol file LoadedFromMemory doesn't match image C:\Unity Projects\new multiplayer api\Library\PackageCache\com.unity.visualscripting@1.6.1\Editor\VisualScripting.Core\Dependencies\YamlDotNet\Unity.VisualScripting.YamlDotNet.dll
Symbol file LoadedFromMemory doesn't match image C:\Unity Projects\new multiplayer api\Library\PackageCache\com.unity.visualscripting@1.6.1\Editor\VisualScripting.Core\Dependencies\DotNetZip\Unity.VisualScripting.IonicZip.dll
Native extension for LinuxStandalone target not found
Native extension for WindowsStandalone target not found
Native extension for WebGL target not found
Refreshing native plugins compatible for Editor in 0.80 ms, found 3 plugins.
Preloading 0 native plugins for Editor in 0.00 ms.
Mono: successfully reloaded assembly
- Completed reload, in  1.242 seconds
Domain Reload Profiling:
	ReloadAssembly (1242ms)
		BeginReloadAssembly (137ms)
			ExecutionOrderSort (0ms)
			DisableScriptedObjects (6ms)
			BackupInstance (0ms)
			ReleaseScriptingObjects (0ms)
			CreateAndSetChildDomain (38ms)
		EndReloadAssembly (1031ms)
			LoadAssemblies (125ms)
			RebuildTransferFunctionScriptingTraits (0ms)
			SetupTypeCache (399ms)
			ReleaseScriptCaches (1ms)
			RebuildScriptCaches (44ms)
			SetupLoadedEditorAssemblies (326ms)
				LogAssemblyErrors (0ms)
				InitializePlatformSupportModulesInManaged (9ms)
				SetLoadedEditorAssemblies (0ms)
				RefreshPlugins (1ms)
				BeforeProcessingInitializeOnLoad (77ms)
				ProcessInitializeOnLoadAttributes (222ms)
				ProcessInitializeOnLoadMethodAttributes (6ms)
				AfterProcessingInitializeOnLoad (10ms)
				EditorAssembliesLoaded (0ms)
			ExecutionOrderSort2 (0ms)
			AwakeInstancesAfterBackupRestoration (17ms)
Platform modules already initialized, skipping
Refreshing native plugins compatible for Editor in 0.82 ms, found 3 plugins.
Preloading 0 native plugins for Editor in 0.00 ms.
Unloading 4310 Unused Serialized files (Serialized files now loaded: 0)
System memory in use before: 174.4 MB.
System memory in use after: 171.6 MB.

Unloading 57 unused Assets to reduce memory usage. Loaded Objects now: 5007.
Total: 4.345400 ms (FindLiveObjects: 0.344200 ms CreateObjectMapping: 0.170700 ms MarkObjects: 2.670700 ms  DeleteObjects: 1.158900 ms)

AssetImportParameters requested are different than current active one (requested -> active):
  custom:framework-win-MediaFoundation: 216162199b28c13a410421893ffa2e32 -> 
  custom:video-decoder-ogg-theora: a1e56fd34408186e4bbccfd4996cb3dc -> 
  custom:container-muxer-webm: aa71ff27fc2769a1b78a27578f13a17b -> 
  custom:container-demuxer-webm: 4f35f7cbe854078d1ac9338744f61a02 -> 
  custom:container-demuxer-ogg: 62fdf1f143b41e24485cea50d1cbac27 -> 
  custom:video-encoder-webm-vp8: eb34c28f22e8b96e1ab97ce403110664 -> 
  custom:video-codec-MediaFoundation-h265: 746d11721c4dcdbdad8f713fa42b33f4 -> 
  custom:video-decoder-webm-vp8: 9c59270c3fd7afecdb556c50c9e8de78 -> 
  custom:audio-decoder-ogg-vorbis: bf7c407c2cedff20999df2af8eb42d56 -> 
  custom:audio-encoder-webm-vorbis: bf7c407c2cedff20999df2af8eb42d56 -> 
========================================================================
Received Prepare
Registering precompiled user dll's ...
Registered in 0.011179 seconds.
Begin MonoManager ReloadAssembly
Symbol file LoadedFromMemory doesn't match image C:\Unity Projects\new multiplayer api\Library\PackageCache\com.unity.visualscripting@1.6.1\Editor\VisualScripting.Core\Dependencies\YamlDotNet\Unity.VisualScripting.YamlDotNet.dll
Symbol file LoadedFromMemory doesn't match image C:\Unity Projects\new multiplayer api\Library\PackageCache\com.unity.visualscripting@1.6.1\Editor\VisualScripting.Core\Dependencies\DotNetZip\Unity.VisualScripting.IonicZip.dll
Native extension for LinuxStandalone target not found
Native extension for WindowsStandalone target not found
Native extension for WebGL target not found
Refreshing native plugins compatible for Editor in 0.77 ms, found 3 plugins.
Preloading 0 native plugins for Editor in 0.00 ms.
Mono: successfully reloaded assembly
- Completed reload, in  1.220 seconds
Domain Reload Profiling:
	ReloadAssembly (1221ms)
		BeginReloadAssembly (124ms)
			ExecutionOrderSort (0ms)
			DisableScriptedObjects (6ms)
			BackupInstance (0ms)
			ReleaseScriptingObjects (0ms)
			CreateAndSetChildDomain (38ms)
		EndReloadAssembly (1028ms)
			LoadAssemblies (112ms)
			RebuildTransferFunctionScriptingTraits (0ms)
			SetupTypeCache (383ms)
			ReleaseScriptCaches (1ms)
			RebuildScriptCaches (47ms)
			SetupLoadedEditorAssemblies (333ms)
				LogAssemblyErrors (0ms)
				InitializePlatformSupportModulesInManaged (8ms)
				SetLoadedEditorAssemblies (0ms)
				RefreshPlugins (1ms)
				BeforeProcessingInitializeOnLoad (77ms)
				ProcessInitializeOnLoadAttributes (233ms)
				ProcessInitializeOnLoadMethodAttributes (4ms)
				AfterProcessingInitializeOnLoad (10ms)
				EditorAssembliesLoaded (0ms)
			ExecutionOrderSort2 (0ms)
			AwakeInstancesAfterBackupRestoration (18ms)
Platform modules already initialized, skipping
Refreshing native plugins compatible for Editor in 0.74 ms, found 3 plugins.
Preloading 0 native plugins for Editor in 0.00 ms.
Unloading 4310 Unused Serialized files (Serialized files now loaded: 0)
System memory in use before: 174.4 MB.
System memory in use after: 171.6 MB.

Unloading 57 unused Assets to reduce memory usage. Loaded Objects now: 5010.
Total: 5.574700 ms (FindLiveObjects: 0.384900 ms CreateObjectMapping: 0.221400 ms MarkObjects: 3.398300 ms  DeleteObjects: 1.568700 ms)

AssetImportParameters requested are different than current active one (requested -> active):
  custom:framework-win-MediaFoundation: 216162199b28c13a410421893ffa2e32 -> 
  custom:video-decoder-ogg-theora: a1e56fd34408186e4bbccfd4996cb3dc -> 
  custom:container-muxer-webm: aa71ff27fc2769a1b78a27578f13a17b -> 
  custom:container-demuxer-webm: 4f35f7cbe854078d1ac9338744f61a02 -> 
  custom:container-demuxer-ogg: 62fdf1f143b41e24485cea50d1cbac27 -> 
  custom:video-encoder-webm-vp8: eb34c28f22e8b96e1ab97ce403110664 -> 
  custom:video-codec-MediaFoundation-h265: 746d11721c4dcdbdad8f713fa42b33f4 -> 
  custom:video-decoder-webm-vp8: 9c59270c3fd7afecdb556c50c9e8de78 -> 
  custom:audio-decoder-ogg-vorbis: bf7c407c2cedff20999df2af8eb42d56 -> 
  custom:audio-encoder-webm-vorbis: bf7c407c2cedff20999df2af8eb42d56 -> 
========================================================================
Received Prepare
Registering precompiled user dll's ...
Registered in 0.012563 seconds.
Begin MonoManager ReloadAssembly
Symbol file LoadedFromMemory doesn't match image C:\Unity Projects\new multiplayer api\Library\PackageCache\com.unity.visualscripting@1.6.1\Editor\VisualScripting.Core\Dependencies\YamlDotNet\Unity.VisualScripting.YamlDotNet.dll
Symbol file LoadedFromMemory doesn't match image C:\Unity Projects\new multiplayer api\Library\PackageCache\com.unity.visualscripting@1.6.1\Editor\VisualScripting.Core\Dependencies\DotNetZip\Unity.VisualScripting.IonicZip.dll
Native extension for LinuxStandalone target not found
Native extension for WindowsStandalone target not found
Native extension for WebGL target not found
Refreshing native plugins compatible for Editor in 1.15 ms, found 3 plugins.
Preloading 0 native plugins for Editor in 0.00 ms.
Mono: successfully reloaded assembly
- Completed reload, in  1.460 seconds
Domain Reload Profiling:
	ReloadAssembly (1461ms)
		BeginReloadAssembly (148ms)
			ExecutionOrderSort (0ms)
			DisableScriptedObjects (7ms)
			BackupInstance (0ms)
			ReleaseScriptingObjects (0ms)
			CreateAndSetChildDomain (42ms)
		EndReloadAssembly (1234ms)
			LoadAssemblies (127ms)
			RebuildTransferFunctionScriptingTraits (0ms)
			SetupTypeCache (439ms)
			ReleaseScriptCaches (2ms)
			RebuildScriptCaches (72ms)
			SetupLoadedEditorAssemblies (397ms)
				LogAssemblyErrors (0ms)
				InitializePlatformSupportModulesInManaged (10ms)
				SetLoadedEditorAssemblies (1ms)
				RefreshPlugins (1ms)
				BeforeProcessingInitializeOnLoad (97ms)
				ProcessInitializeOnLoadAttributes (272ms)
				ProcessInitializeOnLoadMethodAttributes (5ms)
				AfterProcessingInitializeOnLoad (11ms)
				EditorAssembliesLoaded (0ms)
			ExecutionOrderSort2 (0ms)
			AwakeInstancesAfterBackupRestoration (20ms)
Platform modules already initialized, skipping
Refreshing native plugins compatible for Editor in 0.93 ms, found 3 plugins.
Preloading 0 native plugins for Editor in 0.00 ms.
Unloading 4310 Unused Serialized files (Serialized files now loaded: 0)
System memory in use before: 174.4 MB.
System memory in use after: 171.6 MB.

Unloading 57 unused Assets to reduce memory usage. Loaded Objects now: 5013.
Total: 4.295500 ms (FindLiveObjects: 0.333500 ms CreateObjectMapping: 0.204900 ms MarkObjects: 2.554400 ms  DeleteObjects: 1.201600 ms)

AssetImportParameters requested are different than current active one (requested -> active):
  custom:framework-win-MediaFoundation: 216162199b28c13a410421893ffa2e32 -> 
  custom:video-decoder-ogg-theora: a1e56fd34408186e4bbccfd4996cb3dc -> 
  custom:container-muxer-webm: aa71ff27fc2769a1b78a27578f13a17b -> 
  custom:container-demuxer-webm: 4f35f7cbe854078d1ac9338744f61a02 -> 
  custom:container-demuxer-ogg: 62fdf1f143b41e24485cea50d1cbac27 -> 
  custom:video-encoder-webm-vp8: eb34c28f22e8b96e1ab97ce403110664 -> 
  custom:video-codec-MediaFoundation-h265: 746d11721c4dcdbdad8f713fa42b33f4 -> 
  custom:video-decoder-webm-vp8: 9c59270c3fd7afecdb556c50c9e8de78 -> 
  custom:audio-decoder-ogg-vorbis: bf7c407c2cedff20999df2af8eb42d56 -> 
  custom:audio-encoder-webm-vorbis: bf7c407c2cedff20999df2af8eb42d56 -> 
========================================================================
Received Prepare
Registering precompiled user dll's ...
Registered in 0.015124 seconds.
Begin MonoManager ReloadAssembly
Symbol file LoadedFromMemory doesn't match image C:\Unity Projects\new multiplayer api\Library\PackageCache\com.unity.visualscripting@1.6.1\Editor\VisualScripting.Core\Dependencies\YamlDotNet\Unity.VisualScripting.YamlDotNet.dll
Symbol file LoadedFromMemory doesn't match image C:\Unity Projects\new multiplayer api\Library\PackageCache\com.unity.visualscripting@1.6.1\Editor\VisualScripting.Core\Dependencies\DotNetZip\Unity.VisualScripting.IonicZip.dll
Native extension for LinuxStandalone target not found
Native extension for WindowsStandalone target not found
Native extension for WebGL target not found
Refreshing native plugins compatible for Editor in 0.74 ms, found 3 plugins.
Preloading 0 native plugins for Editor in 0.00 ms.
Mono: successfully reloaded assembly
- Completed reload, in  1.226 seconds
Domain Reload Profiling:
	ReloadAssembly (1226ms)
		BeginReloadAssembly (139ms)
			ExecutionOrderSort (0ms)
			DisableScriptedObjects (6ms)
			BackupInstance (0ms)
			ReleaseScriptingObjects (0ms)
			CreateAndSetChildDomain (37ms)
		EndReloadAssembly (1019ms)
			LoadAssemblies (113ms)
			RebuildTransferFunctionScriptingTraits (0ms)
			SetupTypeCache (387ms)
			ReleaseScriptCaches (1ms)
			RebuildScriptCaches (45ms)
			SetupLoadedEditorAssemblies (333ms)
				LogAssemblyErrors (0ms)
				InitializePlatformSupportModulesInManaged (7ms)
				SetLoadedEditorAssemblies (0ms)
				RefreshPlugins (1ms)
				BeforeProcessingInitializeOnLoad (76ms)
				ProcessInitializeOnLoadAttributes (234ms)
				ProcessInitializeOnLoadMethodAttributes (4ms)
				AfterProcessingInitializeOnLoad (10ms)
				EditorAssembliesLoaded (0ms)
			ExecutionOrderSort2 (0ms)
			AwakeInstancesAfterBackupRestoration (18ms)
Platform modules already initialized, skipping
Refreshing native plugins compatible for Editor in 0.79 ms, found 3 plugins.
Preloading 0 native plugins for Editor in 0.00 ms.
Unloading 4310 Unused Serialized files (Serialized files now loaded: 0)
System memory in use before: 174.4 MB.
System memory in use after: 171.6 MB.

Unloading 57 unused Assets to reduce memory usage. Loaded Objects now: 5016.
Total: 4.499900 ms (FindLiveObjects: 0.346700 ms CreateObjectMapping: 0.197400 ms MarkObjects: 2.777900 ms  DeleteObjects: 1.176700 ms)

AssetImportParameters requested are different than current active one (requested -> active):
  custom:framework-win-MediaFoundation: 216162199b28c13a410421893ffa2e32 -> 
  custom:video-decoder-ogg-theora: a1e56fd34408186e4bbccfd4996cb3dc -> 
  custom:container-muxer-webm: aa71ff27fc2769a1b78a27578f13a17b -> 
  custom:container-demuxer-webm: 4f35f7cbe854078d1ac9338744f61a02 -> 
  custom:container-demuxer-ogg: 62fdf1f143b41e24485cea50d1cbac27 -> 
  custom:video-encoder-webm-vp8: eb34c28f22e8b96e1ab97ce403110664 -> 
  custom:video-codec-MediaFoundation-h265: 746d11721c4dcdbdad8f713fa42b33f4 -> 
  custom:video-decoder-webm-vp8: 9c59270c3fd7afecdb556c50c9e8de78 -> 
  custom:audio-decoder-ogg-vorbis: bf7c407c2cedff20999df2af8eb42d56 -> 
  custom:audio-encoder-webm-vorbis: bf7c407c2cedff20999df2af8eb42d56 -> 
========================================================================
Received Prepare
Registering precompiled user dll's ...
Registered in 0.012767 seconds.
Begin MonoManager ReloadAssembly
Symbol file LoadedFromMemory doesn't match image C:\Unity Projects\new multiplayer api\Library\PackageCache\com.unity.visualscripting@1.6.1\Editor\VisualScripting.Core\Dependencies\YamlDotNet\Unity.VisualScripting.YamlDotNet.dll
Symbol file LoadedFromMemory doesn't match image C:\Unity Projects\new multiplayer api\Library\PackageCache\com.unity.visualscripting@1.6.1\Editor\VisualScripting.Core\Dependencies\DotNetZip\Unity.VisualScripting.IonicZip.dll
Native extension for LinuxStandalone target not found
Native extension for WindowsStandalone target not found
Native extension for WebGL target not found
Refreshing native plugins compatible for Editor in 1.23 ms, found 3 plugins.
Preloading 0 native plugins for Editor in 0.00 ms.
Mono: successfully reloaded assembly
- Completed reload, in  1.253 seconds
Domain Reload Profiling:
	ReloadAssembly (1253ms)
		BeginReloadAssembly (143ms)
			ExecutionOrderSort (0ms)
			DisableScriptedObjects (6ms)
			BackupInstance (0ms)
			ReleaseScriptingObjects (0ms)
			CreateAndSetChildDomain (36ms)
		EndReloadAssembly (1041ms)
			LoadAssemblies (120ms)
			RebuildTransferFunctionScriptingTraits (0ms)
			SetupTypeCache (387ms)
			ReleaseScriptCaches (1ms)
			RebuildScriptCaches (45ms)
			SetupLoadedEditorAssemblies (333ms)
				LogAssemblyErrors (0ms)
				InitializePlatformSupportModulesInManaged (9ms)
				SetLoadedEditorAssemblies (1ms)
				RefreshPlugins (1ms)
				BeforeProcessingInitializeOnLoad (78ms)
				ProcessInitializeOnLoadAttributes (230ms)
				ProcessInitializeOnLoadMethodAttributes (5ms)
				AfterProcessingInitializeOnLoad (10ms)
				EditorAssembliesLoaded (0ms)
			ExecutionOrderSort2 (0ms)
			AwakeInstancesAfterBackupRestoration (22ms)
Platform modules already initialized, skipping
Refreshing native plugins compatible for Editor in 1.26 ms, found 3 plugins.
Preloading 0 native plugins for Editor in 0.00 ms.
Unloading 4310 Unused Serialized files (Serialized files now loaded: 0)
System memory in use before: 174.4 MB.
System memory in use after: 171.6 MB.

Unloading 57 unused Assets to reduce memory usage. Loaded Objects now: 5019.
Total: 4.219000 ms (FindLiveObjects: 0.355700 ms CreateObjectMapping: 0.217100 ms MarkObjects: 2.390900 ms  DeleteObjects: 1.254200 ms)

AssetImportParameters requested are different than current active one (requested -> active):
  custom:framework-win-MediaFoundation: 216162199b28c13a410421893ffa2e32 -> 
  custom:video-decoder-ogg-theora: a1e56fd34408186e4bbccfd4996cb3dc -> 
  custom:container-muxer-webm: aa71ff27fc2769a1b78a27578f13a17b -> 
  custom:container-demuxer-webm: 4f35f7cbe854078d1ac9338744f61a02 -> 
  custom:container-demuxer-ogg: 62fdf1f143b41e24485cea50d1cbac27 -> 
  custom:video-encoder-webm-vp8: eb34c28f22e8b96e1ab97ce403110664 -> 
  custom:video-codec-MediaFoundation-h265: 746d11721c4dcdbdad8f713fa42b33f4 -> 
  custom:video-decoder-webm-vp8: 9c59270c3fd7afecdb556c50c9e8de78 -> 
  custom:audio-decoder-ogg-vorbis: bf7c407c2cedff20999df2af8eb42d56 -> 
  custom:audio-encoder-webm-vorbis: bf7c407c2cedff20999df2af8eb42d56 -> 
========================================================================
Received Prepare
Registering precompiled user dll's ...
Registered in 0.012248 seconds.
Begin MonoManager ReloadAssembly
Symbol file LoadedFromMemory doesn't match image C:\Unity Projects\new multiplayer api\Library\PackageCache\com.unity.visualscripting@1.6.1\Editor\VisualScripting.Core\Dependencies\YamlDotNet\Unity.VisualScripting.YamlDotNet.dll
Symbol file LoadedFromMemory doesn't match image C:\Unity Projects\new multiplayer api\Library\PackageCache\com.unity.visualscripting@1.6.1\Editor\VisualScripting.Core\Dependencies\DotNetZip\Unity.VisualScripting.IonicZip.dll
Native extension for LinuxStandalone target not found
Native extension for WindowsStandalone target not found
Native extension for WebGL target not found
Refreshing native plugins compatible for Editor in 0.79 ms, found 3 plugins.
Preloading 0 native plugins for Editor in 0.00 ms.
Mono: successfully reloaded assembly
- Completed reload, in  1.347 seconds
Domain Reload Profiling:
	ReloadAssembly (1347ms)
		BeginReloadAssembly (147ms)
			ExecutionOrderSort (0ms)
			DisableScriptedObjects (6ms)
			BackupInstance (0ms)
			ReleaseScriptingObjects (0ms)
			CreateAndSetChildDomain (41ms)
		EndReloadAssembly (1127ms)
			LoadAssemblies (119ms)
			RebuildTransferFunctionScriptingTraits (0ms)
			SetupTypeCache (451ms)
			ReleaseScriptCaches (2ms)
			RebuildScriptCaches (47ms)
			SetupLoadedEditorAssemblies (368ms)
				LogAssemblyErrors (0ms)
				InitializePlatformSupportModulesInManaged (8ms)
				SetLoadedEditorAssemblies (0ms)
				RefreshPlugins (1ms)
				BeforeProcessingInitializeOnLoad (89ms)
				ProcessInitializeOnLoadAttributes (255ms)
				ProcessInitializeOnLoadMethodAttributes (4ms)
				AfterProcessingInitializeOnLoad (10ms)
				EditorAssembliesLoaded (0ms)
			ExecutionOrderSort2 (0ms)
			AwakeInstancesAfterBackupRestoration (20ms)
Platform modules already initialized, skipping
Refreshing native plugins compatible for Editor in 0.83 ms, found 3 plugins.
Preloading 0 native plugins for Editor in 0.00 ms.
Unloading 4310 Unused Serialized files (Serialized files now loaded: 0)
System memory in use before: 174.4 MB.
System memory in use after: 171.6 MB.

Unloading 57 unused Assets to reduce memory usage. Loaded Objects now: 5022.
Total: 7.652900 ms (FindLiveObjects: 0.904000 ms CreateObjectMapping: 0.585200 ms MarkObjects: 3.999700 ms  DeleteObjects: 2.162200 ms)

AssetImportParameters requested are different than current active one (requested -> active):
  custom:framework-win-MediaFoundation: 216162199b28c13a410421893ffa2e32 -> 
  custom:video-decoder-ogg-theora: a1e56fd34408186e4bbccfd4996cb3dc -> 
  custom:container-muxer-webm: aa71ff27fc2769a1b78a27578f13a17b -> 
  custom:container-demuxer-webm: 4f35f7cbe854078d1ac9338744f61a02 -> 
  custom:container-demuxer-ogg: 62fdf1f143b41e24485cea50d1cbac27 -> 
  custom:video-encoder-webm-vp8: eb34c28f22e8b96e1ab97ce403110664 -> 
  custom:video-codec-MediaFoundation-h265: 746d11721c4dcdbdad8f713fa42b33f4 -> 
  custom:video-decoder-webm-vp8: 9c59270c3fd7afecdb556c50c9e8de78 -> 
  custom:audio-decoder-ogg-vorbis: bf7c407c2cedff20999df2af8eb42d56 -> 
  custom:audio-encoder-webm-vorbis: bf7c407c2cedff20999df2af8eb42d56 -> 
========================================================================
Received Prepare
Registering precompiled user dll's ...
Registered in 0.019942 seconds.
Begin MonoManager ReloadAssembly
Symbol file LoadedFromMemory doesn't match image C:\Unity Projects\new multiplayer api\Library\PackageCache\com.unity.visualscripting@1.6.1\Editor\VisualScripting.Core\Dependencies\YamlDotNet\Unity.VisualScripting.YamlDotNet.dll
Symbol file LoadedFromMemory doesn't match image C:\Unity Projects\new multiplayer api\Library\PackageCache\com.unity.visualscripting@1.6.1\Editor\VisualScripting.Core\Dependencies\DotNetZip\Unity.VisualScripting.IonicZip.dll
Native extension for LinuxStandalone target not found
Native extension for WindowsStandalone target not found
Native extension for WebGL target not found
Refreshing native plugins compatible for Editor in 0.78 ms, found 3 plugins.
Preloading 0 native plugins for Editor in 0.00 ms.
Mono: successfully reloaded assembly
- Completed reload, in  1.209 seconds
Domain Reload Profiling:
	ReloadAssembly (1209ms)
		BeginReloadAssembly (138ms)
			ExecutionOrderSort (0ms)
			DisableScriptedObjects (6ms)
			BackupInstance (0ms)
			ReleaseScriptingObjects (0ms)
			CreateAndSetChildDomain (38ms)
		EndReloadAssembly (1004ms)
			LoadAssemblies (115ms)
			RebuildTransferFunctionScriptingTraits (0ms)
			SetupTypeCache (369ms)
			ReleaseScriptCaches (2ms)
			RebuildScriptCaches (43ms)
			SetupLoadedEditorAssemblies (321ms)
				LogAssemblyErrors (0ms)
				InitializePlatformSupportModulesInManaged (7ms)
				SetLoadedEditorAssemblies (0ms)
				RefreshPlugins (1ms)
				BeforeProcessingInitializeOnLoad (76ms)
				ProcessInitializeOnLoadAttributes (223ms)
				ProcessInitializeOnLoadMethodAttributes (4ms)
				AfterProcessingInitializeOnLoad (9ms)
				EditorAssembliesLoaded (0ms)
			ExecutionOrderSort2 (0ms)
			AwakeInstancesAfterBackupRestoration (18ms)
Platform modules already initialized, skipping
Refreshing native plugins compatible for Editor in 0.87 ms, found 3 plugins.
Preloading 0 native plugins for Editor in 0.00 ms.
Unloading 4310 Unused Serialized files (Serialized files now loaded: 0)
System memory in use before: 174.4 MB.
System memory in use after: 171.6 MB.

Unloading 57 unused Assets to reduce memory usage. Loaded Objects now: 5025.
Total: 4.540700 ms (FindLiveObjects: 0.353900 ms CreateObjectMapping: 0.235500 ms MarkObjects: 2.775500 ms  DeleteObjects: 1.174500 ms)

AssetImportParameters requested are different than current active one (requested -> active):
  custom:framework-win-MediaFoundation: 216162199b28c13a410421893ffa2e32 -> 
  custom:video-decoder-ogg-theora: a1e56fd34408186e4bbccfd4996cb3dc -> 
  custom:container-muxer-webm: aa71ff27fc2769a1b78a27578f13a17b -> 
  custom:container-demuxer-webm: 4f35f7cbe854078d1ac9338744f61a02 -> 
  custom:container-demuxer-ogg: 62fdf1f143b41e24485cea50d1cbac27 -> 
  custom:video-encoder-webm-vp8: eb34c28f22e8b96e1ab97ce403110664 -> 
  custom:video-codec-MediaFoundation-h265: 746d11721c4dcdbdad8f713fa42b33f4 -> 
  custom:video-decoder-webm-vp8: 9c59270c3fd7afecdb556c50c9e8de78 -> 
  custom:audio-decoder-ogg-vorbis: bf7c407c2cedff20999df2af8eb42d56 -> 
  custom:audio-encoder-webm-vorbis: bf7c407c2cedff20999df2af8eb42d56 -> 
========================================================================
Received Import Request.
  Time since last request: 1150.007096 seconds.
  path: Assets/Guns/ak with texture2.fbx
  artifactKey: Guid(38a5ab36893bf14418a425bd0261fa07) Importer(815301076,1909f56bfc062723c751e8b465ee728b)
Start importing Assets/Guns/ak with texture2.fbx using Guid(38a5ab36893bf14418a425bd0261fa07) Importer(815301076,1909f56bfc062723c751e8b465ee728b)  -> (artifact id: '7ca2f64dbb4e2ed39e8a1f6e3ebd9a37') in 0.043243 seconds 
========================================================================
Received Import Request.
  Time since last request: 12.109723 seconds.
  path: Assets/Guns/Ak texture
  artifactKey: Guid(973144d5736a75442a5f33c22c742fa3) Importer(815301076,1909f56bfc062723c751e8b465ee728b)
Start importing Assets/Guns/Ak texture using Guid(973144d5736a75442a5f33c22c742fa3) Importer(815301076,1909f56bfc062723c751e8b465ee728b)  -> (artifact id: '4ccc37a3f7bea3ecf79d619a61c2a69c') in 0.003050 seconds 
========================================================================
Received Import Request.
  Time since last request: 44.200303 seconds.
  path: Assets/Guns/ak with texture2.fbx
  artifactKey: Guid(38a5ab36893bf14418a425bd0261fa07) Importer(815301076,1909f56bfc062723c751e8b465ee728b)
Start importing Assets/Guns/ak with texture2.fbx using Guid(38a5ab36893bf14418a425bd0261fa07) Importer(815301076,1909f56bfc062723c751e8b465ee728b)  -> (artifact id: 'a410dd1f4ffbf5b1375494be80c3b474') in 0.005867 seconds 
========================================================================
Received Import Request.
  Time since last request: 32.774674 seconds.
  path: Assets/Guns/ak with texture2.fbx
  artifactKey: Guid(38a5ab36893bf14418a425bd0261fa07) Importer(815301076,1909f56bfc062723c751e8b465ee728b)
Start importing Assets/Guns/ak with texture2.fbx using Guid(38a5ab36893bf14418a425bd0261fa07) Importer(815301076,1909f56bfc062723c751e8b465ee728b)  -> (artifact id: '0effd664333cc71f3cb7cf4d729c10a1') in 0.162612 seconds 
========================================================================
Received Import Request.
  Time since last request: 10.992921 seconds.
  path: Assets/Prefabs/Player.prefab
  artifactKey: Guid(36a109c7b67149c4e878e7661fb3b7e6) Importer(815301076,1909f56bfc062723c751e8b465ee728b)
Start importing Assets/Prefabs/Player.prefab using Guid(36a109c7b67149c4e878e7661fb3b7e6) Importer(815301076,1909f56bfc062723c751e8b465ee728b)  -> (artifact id: 'd88b8c8ba349e58aaf0fb1d437b4cd68') in 0.016478 seconds 
========================================================================
Received Prepare
Registering precompiled user dll's ...
Registered in 0.011092 seconds.
Begin MonoManager ReloadAssembly
Symbol file LoadedFromMemory doesn't match image C:\Unity Projects\new multiplayer api\Library\PackageCache\com.unity.visualscripting@1.6.1\Editor\VisualScripting.Core\Dependencies\YamlDotNet\Unity.VisualScripting.YamlDotNet.dll
Symbol file LoadedFromMemory doesn't match image C:\Unity Projects\new multiplayer api\Library\PackageCache\com.unity.visualscripting@1.6.1\Editor\VisualScripting.Core\Dependencies\DotNetZip\Unity.VisualScripting.IonicZip.dll
Native extension for LinuxStandalone target not found
Native extension for WindowsStandalone target not found
Native extension for WebGL target not found
Refreshing native plugins compatible for Editor in 1.01 ms, found 3 plugins.
Preloading 0 native plugins for Editor in 0.00 ms.
Mono: successfully reloaded assembly
- Completed reload, in  1.264 seconds
Domain Reload Profiling:
	ReloadAssembly (1264ms)
		BeginReloadAssembly (136ms)
			ExecutionOrderSort (0ms)
			DisableScriptedObjects (6ms)
			BackupInstance (0ms)
			ReleaseScriptingObjects (0ms)
			CreateAndSetChildDomain (42ms)
		EndReloadAssembly (1057ms)
			LoadAssemblies (112ms)
			RebuildTransferFunctionScriptingTraits (0ms)
			SetupTypeCache (369ms)
			ReleaseScriptCaches (1ms)
			RebuildScriptCaches (43ms)
			SetupLoadedEditorAssemblies (364ms)
				LogAssemblyErrors (0ms)
				InitializePlatformSupportModulesInManaged (8ms)
				SetLoadedEditorAssemblies (1ms)
				RefreshPlugins (1ms)
				BeforeProcessingInitializeOnLoad (85ms)
				ProcessInitializeOnLoadAttributes (253ms)
				ProcessInitializeOnLoadMethodAttributes (4ms)
				AfterProcessingInitializeOnLoad (11ms)
				EditorAssembliesLoaded (0ms)
			ExecutionOrderSort2 (0ms)
			AwakeInstancesAfterBackupRestoration (20ms)
Platform modules already initialized, skipping
Refreshing native plugins compatible for Editor in 0.76 ms, found 3 plugins.
Preloading 0 native plugins for Editor in 0.00 ms.
Unloading 4310 Unused Serialized files (Serialized files now loaded: 0)
System memory in use before: 174.6 MB.
System memory in use after: 171.8 MB.

Unloading 57 unused Assets to reduce memory usage. Loaded Objects now: 5064.
Total: 4.766000 ms (FindLiveObjects: 0.465200 ms CreateObjectMapping: 0.445700 ms MarkObjects: 2.669400 ms  DeleteObjects: 1.184400 ms)

AssetImportParameters requested are different than current active one (requested -> active):
  custom:framework-win-MediaFoundation: 216162199b28c13a410421893ffa2e32 -> 
  custom:video-decoder-ogg-theora: a1e56fd34408186e4bbccfd4996cb3dc -> 
  custom:container-muxer-webm: aa71ff27fc2769a1b78a27578f13a17b -> 
  custom:container-demuxer-webm: 4f35f7cbe854078d1ac9338744f61a02 -> 
  custom:container-demuxer-ogg: 62fdf1f143b41e24485cea50d1cbac27 -> 
  custom:video-encoder-webm-vp8: eb34c28f22e8b96e1ab97ce403110664 -> 
  custom:video-codec-MediaFoundation-h265: 746d11721c4dcdbdad8f713fa42b33f4 -> 
  custom:video-decoder-webm-vp8: 9c59270c3fd7afecdb556c50c9e8de78 -> 
  custom:audio-decoder-ogg-vorbis: bf7c407c2cedff20999df2af8eb42d56 -> 
  custom:audio-encoder-webm-vorbis: bf7c407c2cedff20999df2af8eb42d56 -> 
========================================================================
Received Import Request.
  Time since last request: 43.829954 seconds.
  path: Assets/Guns/Ak texture/Ak47 texture.png
  artifactKey: Guid(012fe6b23fdeb014a8be64379efb905c) Importer(815301076,1909f56bfc062723c751e8b465ee728b)
Start importing Assets/Guns/Ak texture/Ak47 texture.png using Guid(012fe6b23fdeb014a8be64379efb905c) Importer(815301076,1909f56bfc062723c751e8b465ee728b)  -> (artifact id: '61de3674ef03fa1c27ebfa1b8727831e') in 0.038908 seconds 
AssetImportWorkerClient::OnTransportError - code=2 error=End of file
